"E:/Personal/ProjectPhilipps/Content/FirstPerson/Character/Mesh/SK_Mannequin_Arms_Skeleton.uasset" 0
"E:/Personal/ProjectPhilipps/Content/FirstPerson/Character/Mesh/SK_Mannequin_Arms_Skeleton.uexp" 1
"E:/Personal/ProjectPhilipps/Content/FirstPerson/Animations/FirstPerson_Fire.uasset" 2
"E:/Personal/ProjectPhilipps/Content/FirstPerson/Animations/FirstPerson_Fire.uexp" 3
"E:/Personal/ProjectPhilipps/Content/FirstPerson/Animations/FirstPersonFire_Montage.uasset" 4
"E:/Personal/ProjectPhilipps/Content/FirstPerson/Animations/FirstPersonFire_Montage.uexp" 5
"../../../Engine/Content/EditorBlueprintResources/StandardMacros.uasset" 6
"../../../Engine/Content/EditorBlueprintResources/StandardMacros.uexp" 7
"E:/Personal/ProjectPhilipps/Content/FirstPerson/Animations/FirstPerson_Run.uasset" 8
"E:/Personal/ProjectPhilipps/Content/FirstPerson/Animations/FirstPerson_Run.uexp" 9
"E:/Personal/ProjectPhilipps/Content/FirstPerson/Animations/FirstPerson_JumpStart.uasset" 10
"E:/Personal/ProjectPhilipps/Content/FirstPerson/Animations/FirstPerson_JumpStart.uexp" 11
"E:/Personal/ProjectPhilipps/Content/FirstPerson/Animations/FirstPerson_JumpLoop.uasset" 12
"E:/Personal/ProjectPhilipps/Content/FirstPerson/Animations/FirstPerson_JumpLoop.uexp" 13
"E:/Personal/ProjectPhilipps/Content/FirstPerson/Animations/FirstPerson_JumpEnd.uasset" 14
"E:/Personal/ProjectPhilipps/Content/FirstPerson/Animations/FirstPerson_JumpEnd.uexp" 15
"E:/Personal/ProjectPhilipps/Content/FirstPerson/Animations/FirstPerson_Idle.uasset" 16
"E:/Personal/ProjectPhilipps/Content/FirstPerson/Animations/FirstPerson_Idle.uexp" 17
"E:/Personal/ProjectPhilipps/Content/FirstPerson/Animations/FirstPerson_AnimBP.uasset" 18
"E:/Personal/ProjectPhilipps/Content/FirstPerson/Animations/FirstPerson_AnimBP.uexp" 19
"E:/Personal/ProjectPhilipps/Content/FirstPerson/Audio/FirstPersonTemplateWeaponFire02.uasset" 20
"E:/Personal/ProjectPhilipps/Content/FirstPerson/Audio/FirstPersonTemplateWeaponFire02.uexp" 21
"E:/Personal/ProjectPhilipps/Content/FirstPerson/Character/Mesh/SK_Mannequin_Arms_PhysicsAsset.uasset" 22
"E:/Personal/ProjectPhilipps/Content/FirstPerson/Character/Mesh/SK_Mannequin_Arms_PhysicsAsset.uexp" 23
"E:/Personal/ProjectPhilipps/Content/FirstPerson/Character/Textures/UE4_Mannequin_MAT_MASKA.uasset" 24
"E:/Personal/ProjectPhilipps/Content/FirstPerson/Character/Textures/UE4_Mannequin_MAT_MASKA.uexp" 25
"E:/Personal/ProjectPhilipps/Content/FirstPerson/Character/Textures/UE4_Mannequin_MAT_MASKA.ubulk" 26
"E:/Personal/ProjectPhilipps/Content/FirstPerson/Character/Textures/UE4_Mannequin__normals.uasset" 27
"E:/Personal/ProjectPhilipps/Content/FirstPerson/Character/Textures/UE4_Mannequin__normals.uexp" 28
"E:/Personal/ProjectPhilipps/Content/FirstPerson/Character/Textures/UE4_Mannequin__normals.ubulk" 29
"E:/Personal/ProjectPhilipps/Content/FirstPerson/Character/Materials/MaterialLayers/T_ML_Aluminum01_N.uasset" 30
"E:/Personal/ProjectPhilipps/Content/FirstPerson/Character/Materials/MaterialLayers/T_ML_Aluminum01_N.uexp" 31
"E:/Personal/ProjectPhilipps/Content/FirstPerson/Character/Materials/MaterialLayers/T_ML_Aluminum01_N.ubulk" 32
"E:/Personal/ProjectPhilipps/Content/FirstPerson/Character/Materials/MaterialLayers/T_ML_Aluminum01.uasset" 33
"E:/Personal/ProjectPhilipps/Content/FirstPerson/Character/Materials/MaterialLayers/T_ML_Aluminum01.uexp" 34
"E:/Personal/ProjectPhilipps/Content/FirstPerson/Character/Materials/MaterialLayers/T_ML_Aluminum01.ubulk" 35
"E:/Personal/ProjectPhilipps/Content/FirstPerson/Character/Materials/MaterialLayers/ML_SoftMetal_UE4.uasset" 36
"E:/Personal/ProjectPhilipps/Content/FirstPerson/Character/Materials/MaterialLayers/ML_SoftMetal_UE4.uexp" 37
"E:/Personal/ProjectPhilipps/Content/FirstPerson/Character/Textures/UE4_LOGO_CARD.uasset" 38
"E:/Personal/ProjectPhilipps/Content/FirstPerson/Character/Textures/UE4_LOGO_CARD.uexp" 39
"E:/Personal/ProjectPhilipps/Content/FirstPerson/Character/Textures/UE4_LOGO_CARD.ubulk" 40
"E:/Personal/ProjectPhilipps/Content/FirstPerson/Character/Materials/MaterialLayers/ML_Plastic_Shiny_Beige_LOGO.uasset" 41
"E:/Personal/ProjectPhilipps/Content/FirstPerson/Character/Materials/MaterialLayers/ML_Plastic_Shiny_Beige_LOGO.uexp" 42
"E:/Personal/ProjectPhilipps/Content/FirstPerson/Character/Materials/MaterialLayers/ML_Plastic_Shiny_Beige.uasset" 43
"E:/Personal/ProjectPhilipps/Content/FirstPerson/Character/Materials/MaterialLayers/ML_Plastic_Shiny_Beige.uexp" 44
"E:/Personal/ProjectPhilipps/Content/FirstPerson/Character/Materials/MaterialLayers/T_ML_Rubber_Blue_01_N.uasset" 45
"E:/Personal/ProjectPhilipps/Content/FirstPerson/Character/Materials/MaterialLayers/T_ML_Rubber_Blue_01_N.uexp" 46
"E:/Personal/ProjectPhilipps/Content/FirstPerson/Character/Materials/MaterialLayers/T_ML_Rubber_Blue_01_N.ubulk" 47
"E:/Personal/ProjectPhilipps/Content/FirstPerson/Character/Materials/MaterialLayers/T_ML_Rubber_Blue_01_D.uasset" 48
"E:/Personal/ProjectPhilipps/Content/FirstPerson/Character/Materials/MaterialLayers/T_ML_Rubber_Blue_01_D.uexp" 49
"E:/Personal/ProjectPhilipps/Content/FirstPerson/Character/Materials/MaterialLayers/T_ML_Rubber_Blue_01_D.ubulk" 50
"E:/Personal/ProjectPhilipps/Content/FirstPerson/Character/Materials/MaterialLayers/ML_GlossyBlack_Latex_UE4.uasset" 51
"E:/Personal/ProjectPhilipps/Content/FirstPerson/Character/Materials/MaterialLayers/ML_GlossyBlack_Latex_UE4.uexp" 52
"../../../Engine/Content/Functions/MaterialLayerFunctions/MatLayerBlend_Simple.uasset" 53
"../../../Engine/Content/Functions/MaterialLayerFunctions/MatLayerBlend_Simple.uexp" 54
"../../../Engine/Content/Functions/Engine_MaterialFunctions02/Utility/BlendAngleCorrectedNormals.uasset" 55
"../../../Engine/Content/Functions/Engine_MaterialFunctions02/Utility/BlendAngleCorrectedNormals.uexp" 56
"../../../Engine/Content/Functions/MaterialLayerFunctions/MatLayerBlend_NormalBlend.uasset" 57
"../../../Engine/Content/Functions/MaterialLayerFunctions/MatLayerBlend_NormalBlend.uexp" 58
"E:/Personal/ProjectPhilipps/Content/FirstPerson/Character/Materials/M_UE4Man_Body.uasset" 59
"E:/Personal/ProjectPhilipps/Content/FirstPerson/Character/Materials/M_UE4Man_Body.uexp" 60
"E:/Personal/ProjectPhilipps/Content/FirstPerson/Character/Mesh/SK_Mannequin_Arms.uasset" 61
"E:/Personal/ProjectPhilipps/Content/FirstPerson/Character/Mesh/SK_Mannequin_Arms.uexp" 62
"E:/Personal/ProjectPhilipps/Content/FirstPerson/Meshes/BaseMaterial.uasset" 63
"E:/Personal/ProjectPhilipps/Content/FirstPerson/Meshes/BaseMaterial.uexp" 64
"E:/Personal/ProjectPhilipps/Content/FirstPerson/Meshes/CubeMaterialOverride.uasset" 65
"E:/Personal/ProjectPhilipps/Content/FirstPerson/Meshes/CubeMaterialOverride.uexp" 66
"E:/Personal/ProjectPhilipps/Content/ResourceSystem/Assets/Thumbnails/T_WoodLog.uasset" 67
"E:/Personal/ProjectPhilipps/Content/ResourceSystem/Assets/Thumbnails/T_WoodLog.uexp" 68
"E:/Personal/ProjectPhilipps/Content/ResourceSystem/Assets/Thumbnails/T_WoodLog.ubulk" 69
"E:/Personal/ProjectPhilipps/Content/Geometry/Meshes/CubeMaterial.uasset" 70
"E:/Personal/ProjectPhilipps/Content/Geometry/Meshes/CubeMaterial.uexp" 71
"E:/Personal/ProjectPhilipps/Content/Geometry/Meshes/1M_Cube.uasset" 72
"E:/Personal/ProjectPhilipps/Content/Geometry/Meshes/1M_Cube.uexp" 73
"E:/Personal/ProjectPhilipps/Content/ResourceSystem/Struct_Resources.uasset" 74
"E:/Personal/ProjectPhilipps/Content/ResourceSystem/Struct_Resources.uexp" 75
"E:/Personal/ProjectPhilipps/Content/ResourceSystem/BP_MasterItem.uasset" 76
"E:/Personal/ProjectPhilipps/Content/ResourceSystem/BP_MasterItem.uexp" 77
"E:/Personal/ProjectPhilipps/Content/ResourceSystem/Items/Item_Wood.uasset" 78
"E:/Personal/ProjectPhilipps/Content/ResourceSystem/Items/Item_Wood.uexp" 79
"E:/Personal/ProjectPhilipps/Content/InventorySystem/UI/Icons/InventorySlot.uasset" 80
"E:/Personal/ProjectPhilipps/Content/InventorySystem/UI/Icons/InventorySlot.uexp" 81
"E:/Personal/ProjectPhilipps/Content/InventorySystem/UI/Icons/InventorySlot.ubulk" 82
"E:/Personal/ProjectPhilipps/Content/InventorySystem/UI/Icons/InventoryBorder.uasset" 83
"E:/Personal/ProjectPhilipps/Content/InventorySystem/UI/Icons/InventoryBorder.uexp" 84
"E:/Personal/ProjectPhilipps/Content/InventorySystem/UI/Icons/InventoryBorder.ubulk" 85
"E:/Personal/ProjectPhilipps/Content/InventorySystem/BP_InventoryDragDrop.uasset" 86
"E:/Personal/ProjectPhilipps/Content/InventorySystem/BP_InventoryDragDrop.uexp" 87
"E:/Personal/ProjectPhilipps/Content/InventorySystem/WBP_PickupWidget.uasset" 88
"E:/Personal/ProjectPhilipps/Content/InventorySystem/WBP_PickupWidget.uexp" 89
"E:/Personal/ProjectPhilipps/Content/InventorySystem/UI/InventoryContentStruct.uasset" 90
"E:/Personal/ProjectPhilipps/Content/InventorySystem/UI/InventoryContentStruct.uexp" 91
"E:/Personal/ProjectPhilipps/Content/InventorySystem/UI/WBP_PlayerInventory.uasset" 92
"E:/Personal/ProjectPhilipps/Content/InventorySystem/UI/WBP_PlayerInventory.uexp" 93
"E:/Personal/ProjectPhilipps/Content/InventorySystem/UI/WBP_Hotbar.uasset" 94
"E:/Personal/ProjectPhilipps/Content/InventorySystem/UI/WBP_Hotbar.uexp" 95
"E:/Personal/ProjectPhilipps/Content/Blueprints/GI_GameInstance.uasset" 96
"E:/Personal/ProjectPhilipps/Content/Blueprints/GI_GameInstance.uexp" 97
"E:/Personal/ProjectPhilipps/Content/Blueprints/HUD/WBP_HUD.uasset" 98
"E:/Personal/ProjectPhilipps/Content/Blueprints/HUD/WBP_HUD.uexp" 99
"E:/Personal/ProjectPhilipps/Content/InventorySystem/UI/WBP_InventorySlot.uasset" 100
"E:/Personal/ProjectPhilipps/Content/InventorySystem/UI/WBP_InventorySlot.uexp" 101
"E:/Personal/ProjectPhilipps/Content/InventorySystem/BP_InventoryComponent.uasset" 102
"E:/Personal/ProjectPhilipps/Content/InventorySystem/BP_InventoryComponent.uexp" 103
"E:/Personal/ProjectPhilipps/Content/FirstPersonBP/Blueprints/FirstPersonCharacter.uasset" 104
"E:/Personal/ProjectPhilipps/Content/FirstPersonBP/Blueprints/FirstPersonCharacter.uexp" 105
"E:/Personal/ProjectPhilipps/Content/FirstPersonBP/Blueprints/FirstPersonGameMode.uasset" 106
"E:/Personal/ProjectPhilipps/Content/FirstPersonBP/Blueprints/FirstPersonGameMode.uexp" 107
"E:/Personal/ProjectPhilipps/Content/FirstPerson/Textures/FirstPersonCrosshair.uasset" 108
"E:/Personal/ProjectPhilipps/Content/FirstPerson/Textures/FirstPersonCrosshair.uexp" 109
"E:/Personal/ProjectPhilipps/Content/FirstPersonBP/Blueprints/FirstPersonHUD.uasset" 110
"E:/Personal/ProjectPhilipps/Content/FirstPersonBP/Blueprints/FirstPersonHUD.uexp" 111
"E:/Personal/ProjectPhilipps/Content/FirstPerson/Meshes/FirstPersonProjectileMaterial.uasset" 112
"E:/Personal/ProjectPhilipps/Content/FirstPerson/Meshes/FirstPersonProjectileMaterial.uexp" 113
"E:/Personal/ProjectPhilipps/Content/FirstPerson/Meshes/FirstPersonProjectileMesh.uasset" 114
"E:/Personal/ProjectPhilipps/Content/FirstPerson/Meshes/FirstPersonProjectileMesh.uexp" 115
"E:/Personal/ProjectPhilipps/Content/FirstPersonBP/Blueprints/FirstPersonProjectile.uasset" 116
"E:/Personal/ProjectPhilipps/Content/FirstPersonBP/Blueprints/FirstPersonProjectile.uexp" 117
"E:/Personal/ProjectPhilipps/Content/FPWeapon/Materials/MaterialLayers/T_ML_FineRubber.uasset" 118
"E:/Personal/ProjectPhilipps/Content/FPWeapon/Materials/MaterialLayers/T_ML_FineRubber.uexp" 119
"E:/Personal/ProjectPhilipps/Content/FPWeapon/Materials/MaterialLayers/T_ML_FineRubber.ubulk" 120
"E:/Personal/ProjectPhilipps/Content/FPWeapon/Mesh/SK_FPGun_Skeleton.uasset" 121
"E:/Personal/ProjectPhilipps/Content/FPWeapon/Mesh/SK_FPGun_Skeleton.uexp" 122
"E:/Personal/ProjectPhilipps/Content/FPWeapon/Mesh/SK_FPGun_PhysicsAsset.uasset" 123
"E:/Personal/ProjectPhilipps/Content/FPWeapon/Mesh/SK_FPGun_PhysicsAsset.uexp" 124
"E:/Personal/ProjectPhilipps/Content/FPWeapon/Textures/T_FPGun_N.uasset" 125
"E:/Personal/ProjectPhilipps/Content/FPWeapon/Textures/T_FPGun_N.uexp" 126
"E:/Personal/ProjectPhilipps/Content/FPWeapon/Textures/T_FPGun_N.ubulk" 127
"E:/Personal/ProjectPhilipps/Content/FPWeapon/Textures/T_FPGun_M.uasset" 128
"E:/Personal/ProjectPhilipps/Content/FPWeapon/Textures/T_FPGun_M.uexp" 129
"E:/Personal/ProjectPhilipps/Content/FPWeapon/Textures/T_FPGun_M.ubulk" 130
"E:/Personal/ProjectPhilipps/Content/FPWeapon/Materials/MaterialLayers/T_ML_Rubber_Blue_01_N.uasset" 131
"E:/Personal/ProjectPhilipps/Content/FPWeapon/Materials/MaterialLayers/T_ML_Rubber_Blue_01_N.uexp" 132
"E:/Personal/ProjectPhilipps/Content/FPWeapon/Materials/MaterialLayers/T_ML_Rubber_Blue_01_N.ubulk" 133
"E:/Personal/ProjectPhilipps/Content/FPWeapon/Materials/MaterialLayers/T_ML_Rubber_Blue_01_D.uasset" 134
"E:/Personal/ProjectPhilipps/Content/FPWeapon/Materials/MaterialLayers/T_ML_Rubber_Blue_01_D.uexp" 135
"E:/Personal/ProjectPhilipps/Content/FPWeapon/Materials/MaterialLayers/T_ML_Rubber_Blue_01_D.ubulk" 136
"E:/Personal/ProjectPhilipps/Content/FPWeapon/Materials/MaterialLayers/T_ML_Aluminum01_N.uasset" 137
"E:/Personal/ProjectPhilipps/Content/FPWeapon/Materials/MaterialLayers/T_ML_Aluminum01_N.uexp" 138
"E:/Personal/ProjectPhilipps/Content/FPWeapon/Materials/MaterialLayers/T_ML_Aluminum01_N.ubulk" 139
"E:/Personal/ProjectPhilipps/Content/FPWeapon/Materials/MaterialLayers/T_ML_Aluminum01.uasset" 140
"E:/Personal/ProjectPhilipps/Content/FPWeapon/Materials/MaterialLayers/T_ML_Aluminum01.uexp" 141
"E:/Personal/ProjectPhilipps/Content/FPWeapon/Materials/MaterialLayers/T_ML_Aluminum01.ubulk" 142
"E:/Personal/ProjectPhilipps/Content/FPWeapon/Materials/MaterialLayers/ML_SoftMetal_UE4.uasset" 143
"E:/Personal/ProjectPhilipps/Content/FPWeapon/Materials/MaterialLayers/ML_SoftMetal_UE4.uexp" 144
"E:/Personal/ProjectPhilipps/Content/FPWeapon/Materials/MaterialLayers/ML_Screen.uasset" 145
"E:/Personal/ProjectPhilipps/Content/FPWeapon/Materials/MaterialLayers/ML_Screen.uexp" 146
"E:/Personal/ProjectPhilipps/Content/FPWeapon/Materials/MaterialLayers/ML_Plastic_Shiny_Beige.uasset" 147
"E:/Personal/ProjectPhilipps/Content/FPWeapon/Materials/MaterialLayers/ML_Plastic_Shiny_Beige.uexp" 148
"E:/Personal/ProjectPhilipps/Content/FPWeapon/Materials/MaterialLayers/ML_GlossyBlack_Latex_UE4.uasset" 149
"E:/Personal/ProjectPhilipps/Content/FPWeapon/Materials/MaterialLayers/ML_GlossyBlack_Latex_UE4.uexp" 150
"E:/Personal/ProjectPhilipps/Content/FPWeapon/Materials/M_FPGun.uasset" 151
"E:/Personal/ProjectPhilipps/Content/FPWeapon/Materials/M_FPGun.uexp" 152
"E:/Personal/ProjectPhilipps/Content/FPWeapon/Mesh/SK_FPGun.uasset" 153
"E:/Personal/ProjectPhilipps/Content/FPWeapon/Mesh/SK_FPGun.uexp" 154
"E:/Personal/ProjectPhilipps/Content/Geometry/Meshes/1M_Cube_Chamfer.uasset" 155
"E:/Personal/ProjectPhilipps/Content/Geometry/Meshes/1M_Cube_Chamfer.uexp" 156
"E:/Personal/ProjectPhilipps/Content/Geometry/Meshes/TemplateFloor.uasset" 157
"E:/Personal/ProjectPhilipps/Content/Geometry/Meshes/TemplateFloor.uexp" 158
"E:/Personal/ProjectPhilipps/Content/InventorySystem/WBP_DragWidget.uasset" 159
"E:/Personal/ProjectPhilipps/Content/InventorySystem/WBP_DragWidget.uexp" 160
"E:/Personal/ProjectPhilipps/Content/ResourceSystem/E_DamageTypes.uasset" 161
"E:/Personal/ProjectPhilipps/Content/ResourceSystem/E_DamageTypes.uexp" 162
"E:/Personal/ProjectPhilipps/Content/Blueprints/BPI_DamageDeath.uasset" 163
"E:/Personal/ProjectPhilipps/Content/Blueprints/BPI_DamageDeath.uexp" 164
"E:/Personal/ProjectPhilipps/Content/ResourceSystem/BP_ResourceComponent.uasset" 165
"E:/Personal/ProjectPhilipps/Content/ResourceSystem/BP_ResourceComponent.uexp" 166
"E:/Personal/ProjectPhilipps/Content/ResourceSystem/TestResource.uasset" 167
"E:/Personal/ProjectPhilipps/Content/ResourceSystem/TestResource.uexp" 168
"../../../Engine/Content/Animation/DefaultAnimBoneCompressionSettings.uasset" 169
"../../../Engine/Content/Animation/DefaultAnimBoneCompressionSettings.uexp" 170
"../../../Engine/Content/Animation/DefaultAnimCurveCompressionSettings.uasset" 171
"../../../Engine/Content/Animation/DefaultAnimCurveCompressionSettings.uexp" 172
"../../../Engine/Content/Functions/Engine_MaterialFunctions01/Opacity/CameraDepthFade.uasset" 173
"../../../Engine/Content/Functions/Engine_MaterialFunctions01/Opacity/CameraDepthFade.uexp" 174
"../../../Engine/Content/EngineMaterials/T_Default_Material_Grid_N.uasset" 175
"../../../Engine/Content/EngineMaterials/T_Default_Material_Grid_N.uexp" 176
"../../../Engine/Content/EngineMaterials/T_Default_Material_Grid_N.ubulk" 177
"../../../Engine/Content/EngineMaterials/T_Default_Material_Grid_M.uasset" 178
"../../../Engine/Content/EngineMaterials/T_Default_Material_Grid_M.uexp" 179
"../../../Engine/Content/EngineMaterials/T_Default_Material_Grid_M.ubulk" 180
"../../../Engine/Content/EngineMaterials/WorldGridMaterial.uasset" 181
"../../../Engine/Content/EngineMaterials/WorldGridMaterial.uexp" 182
"../../../Engine/Content/ArtTools/RenderToTexture/Meshes/S_1_Unit_Plane.uasset" 183
"../../../Engine/Content/ArtTools/RenderToTexture/Meshes/S_1_Unit_Plane.uexp" 184
"../../../Engine/Content/EngineMaterials/DefaultMaterial.uasset" 185
"../../../Engine/Content/EngineMaterials/DefaultMaterial.uexp" 186
"../../../Engine/Content/BasicShapes/Cone.uasset" 187
"../../../Engine/Content/BasicShapes/Cone.uexp" 188
"../../../Engine/Content/BasicShapes/Cube.uasset" 189
"../../../Engine/Content/BasicShapes/Cube.uexp" 190
"../../../Engine/Content/BasicShapes/Plane.uasset" 191
"../../../Engine/Content/BasicShapes/Plane.uexp" 192
"../../../Engine/Content/BasicShapes/Sphere.uasset" 193
"../../../Engine/Content/BasicShapes/Sphere.uexp" 194
"../../../Engine/Content/EditorLandscapeResources/DataLayer.uasset" 195
"../../../Engine/Content/EditorLandscapeResources/DataLayer.uexp" 196
"../../../Engine/Content/EditorLandscapeResources/DefaultAlphaTexture.uasset" 197
"../../../Engine/Content/EditorLandscapeResources/DefaultAlphaTexture.uexp" 198
"../../../Engine/Content/EditorMaterials/MAT_Groups_Toggle.uasset" 199
"../../../Engine/Content/EditorMaterials/MAT_Groups_Toggle.uexp" 200
"../../../Engine/Content/EditorMaterials/MAT_Groups_Visibility.uasset" 201
"../../../Engine/Content/EditorMaterials/MAT_Groups_Visibility.uexp" 202
"../../../Engine/Content/EditorMaterials/PreviewShadowIndicator.uasset" 203
"../../../Engine/Content/EditorMaterials/PreviewShadowIndicator.uexp" 204
"../../../Engine/Content/EditorMaterials/PreviewShadowIndicator.ubulk" 205
"../../../Engine/Content/EditorMaterials/PreviewShadowIndicatorMaterial.uasset" 206
"../../../Engine/Content/EditorMaterials/PreviewShadowIndicatorMaterial.uexp" 207
"../../../Engine/Content/EditorMaterials/MatineeGroups/MAT_ColorTrack.uasset" 208
"../../../Engine/Content/EditorMaterials/MatineeGroups/MAT_ColorTrack.uexp" 209
"../../../Engine/Content/EditorMaterials/MatineeGroups/MAT_Groups_Anim.uasset" 210
"../../../Engine/Content/EditorMaterials/MatineeGroups/MAT_Groups_Anim.uexp" 211
"../../../Engine/Content/EditorMaterials/MatineeGroups/MAT_Groups_AudioMaster.uasset" 212
"../../../Engine/Content/EditorMaterials/MatineeGroups/MAT_Groups_AudioMaster.uexp" 213
"../../../Engine/Content/EditorMaterials/MatineeGroups/MAT_Groups_Director.uasset" 214
"../../../Engine/Content/EditorMaterials/MatineeGroups/MAT_Groups_Director.uexp" 215
"../../../Engine/Content/EditorMaterials/MatineeGroups/MAT_Groups_Event.uasset" 216
"../../../Engine/Content/EditorMaterials/MatineeGroups/MAT_Groups_Event.uexp" 217
"../../../Engine/Content/EditorMaterials/MatineeGroups/MAT_Groups_Fade.uasset" 218
"../../../Engine/Content/EditorMaterials/MatineeGroups/MAT_Groups_Fade.uexp" 219
"../../../Engine/Content/EditorMaterials/MatineeGroups/MAT_Groups_Float.uasset" 220
"../../../Engine/Content/EditorMaterials/MatineeGroups/MAT_Groups_Float.uexp" 221
"../../../Engine/Content/EditorMaterials/MatineeGroups/MAT_Groups_Move.uasset" 222
"../../../Engine/Content/EditorMaterials/MatineeGroups/MAT_Groups_Move.uexp" 223
"../../../Engine/Content/EditorMaterials/MatineeGroups/MAT_Groups_Slomo.uasset" 224
"../../../Engine/Content/EditorMaterials/MatineeGroups/MAT_Groups_Slomo.uexp" 225
"../../../Engine/Content/EditorMaterials/MatineeGroups/MAT_Groups_Sound.uasset" 226
"../../../Engine/Content/EditorMaterials/MatineeGroups/MAT_Groups_Sound.uexp" 227
"../../../Engine/Content/EditorMaterials/MatineeGroups/MAT_Groups_Vector.uasset" 228
"../../../Engine/Content/EditorMaterials/MatineeGroups/MAT_Groups_Vector.uexp" 229
"../../../Engine/Content/EditorMaterials/ParticleSystems/PSysThumbnail_NoImage.uasset" 230
"../../../Engine/Content/EditorMaterials/ParticleSystems/PSysThumbnail_NoImage.uexp" 231
"../../../Engine/Content/EditorMaterials/ParticleSystems/PSysThumbnail_NoImage.ubulk" 232
"../../../Engine/Content/EditorMaterials/ParticleSystems/PSysThumbnail_OOD.uasset" 233
"../../../Engine/Content/EditorMaterials/ParticleSystems/PSysThumbnail_OOD.uexp" 234
"../../../Engine/Content/EditorMaterials/ParticleSystems/PSysThumbnail_OOD.ubulk" 235
"../../../Engine/Content/EditorMaterials/Camera/CineMat.uasset" 236
"../../../Engine/Content/EditorMaterials/Camera/CineMat.uexp" 237
"../../../Engine/Content/EditorMaterials/Camera/MI_CineMat_Rig.uasset" 238
"../../../Engine/Content/EditorMaterials/Camera/MI_CineMat_Rig.uexp" 239
"../../../Engine/Content/EditorMeshes/Camera/SM_CraneRig_Arm.uasset" 240
"../../../Engine/Content/EditorMeshes/Camera/SM_CraneRig_Arm.uexp" 241
"../../../Engine/Content/EditorMeshes/Camera/SM_CraneRig_Base.uasset" 242
"../../../Engine/Content/EditorMeshes/Camera/SM_CraneRig_Base.uexp" 243
"../../../Engine/Content/EditorMeshes/Camera/SM_CraneRig_Body.uasset" 244
"../../../Engine/Content/EditorMeshes/Camera/SM_CraneRig_Body.uexp" 245
"../../../Engine/Content/EditorMeshes/Camera/SM_CraneRig_Mount.uasset" 246
"../../../Engine/Content/EditorMeshes/Camera/SM_CraneRig_Mount.uexp" 247
"../../../Engine/Content/EditorMeshes/Camera/SM_RailRig_Mount.uasset" 248
"../../../Engine/Content/EditorMeshes/Camera/SM_RailRig_Mount.uexp" 249
"../../../Engine/Content/EditorMeshes/Camera/SM_RailRig_Track.uasset" 250
"../../../Engine/Content/EditorMeshes/Camera/SM_RailRig_Track.uexp" 251
"../../../Engine/Content/EditorResources/BSPVertex.uasset" 252
"../../../Engine/Content/EditorResources/BSPVertex.uexp" 253
"../../../Engine/Content/EditorResources/EmptyActor.uasset" 254
"../../../Engine/Content/EditorResources/EmptyActor.uexp" 255
"../../../Engine/Content/EditorResources/S_Actor.uasset" 256
"../../../Engine/Content/EditorResources/S_Actor.uexp" 257
"../../../Engine/Content/EditorResources/S_Actor.ubulk" 258
"../../../Engine/Content/EditorResources/S_Note.uasset" 259
"../../../Engine/Content/EditorResources/S_Note.uexp" 260
"../../../Engine/Content/EditorResources/S_Note.ubulk" 261
"../../../Engine/Content/EditorResources/S_Solver.uasset" 262
"../../../Engine/Content/EditorResources/S_Solver.uexp" 263
"../../../Engine/Content/EditorResources/S_Solver.ubulk" 264
"../../../Engine/Content/EditorResources/S_Terrain.uasset" 265
"../../../Engine/Content/EditorResources/S_Terrain.uexp" 266
"../../../Engine/Content/EditorResources/S_Terrain.ubulk" 267
"../../../Engine/Content/EditorResources/S_Trigger.uasset" 268
"../../../Engine/Content/EditorResources/S_Trigger.uexp" 269
"../../../Engine/Content/EditorResources/S_Trigger.ubulk" 270
"../../../Engine/Content/EditorResources/LightIcons/S_LightError.uasset" 271
"../../../Engine/Content/EditorResources/LightIcons/S_LightError.uexp" 272
"../../../Engine/Content/EditorResources/SequenceRecorder/Countdown.uasset" 273
"../../../Engine/Content/EditorResources/SequenceRecorder/Countdown.uexp" 274
"../../../Engine/Content/EditorResources/SequenceRecorder/RecordingIndicator.uasset" 275
"../../../Engine/Content/EditorResources/SequenceRecorder/RecordingIndicator.uexp" 276
"../../../Engine/Content/EngineDamageTypes/DmgTypeBP_Environmental.uasset" 277
"../../../Engine/Content/EngineDamageTypes/DmgTypeBP_Environmental.uexp" 278
"../../../Engine/Content/EngineDebugMaterials/DebugEditorMaterial.uasset" 279
"../../../Engine/Content/EngineDebugMaterials/DebugEditorMaterial.uexp" 280
"../../../Engine/Content/EngineDebugMaterials/DebugMeshMaterial.uasset" 281
"../../../Engine/Content/EngineDebugMaterials/DebugMeshMaterial.uexp" 282
"../../../Engine/Content/EngineDebugMaterials/M_SimpleUnlitTranslucent.uasset" 283
"../../../Engine/Content/EngineDebugMaterials/M_SimpleUnlitTranslucent.uexp" 284
"../../../Engine/Content/Functions/Engine_MaterialFunctions02/Utility/CameraDirectionVector.uasset" 285
"../../../Engine/Content/Functions/Engine_MaterialFunctions02/Utility/CameraDirectionVector.uexp" 286
"../../../Engine/Content/EngineDebugMaterials/VolumeToRender.uasset" 287
"../../../Engine/Content/EngineDebugMaterials/VolumeToRender.uexp" 288
"../../../Engine/Content/EngineDebugMaterials/M_VolumeRenderSphereTracePP.uasset" 289
"../../../Engine/Content/EngineDebugMaterials/M_VolumeRenderSphereTracePP.uexp" 290
"../../../Engine/Content/Functions/Engine_MaterialFunctions01/Shading/ConvertFromDiffSpec.uasset" 291
"../../../Engine/Content/Functions/Engine_MaterialFunctions01/Shading/ConvertFromDiffSpec.uexp" 292
"../../../Engine/Content/EngineDebugMaterials/VertexColorMaterial.uasset" 293
"../../../Engine/Content/EngineDebugMaterials/VertexColorMaterial.uexp" 294
"../../../Engine/Content/EngineDebugMaterials/WireframeMaterial.uasset" 295
"../../../Engine/Content/EngineDebugMaterials/WireframeMaterial.uexp" 296
"../../../Engine/Content/EngineFonts/Faces/RobotoRegular.uasset" 297
"../../../Engine/Content/EngineFonts/Faces/RobotoRegular.uexp" 298
"../../../Engine/Content/EngineFonts/Faces/RobotoRegular.ufont" 299
"../../../Engine/Content/EngineFonts/Faces/RobotoLight.uasset" 300
"../../../Engine/Content/EngineFonts/Faces/RobotoLight.uexp" 301
"../../../Engine/Content/EngineFonts/Faces/RobotoLight.ufont" 302
"../../../Engine/Content/EngineFonts/Faces/RobotoItalic.uasset" 303
"../../../Engine/Content/EngineFonts/Faces/RobotoItalic.uexp" 304
"../../../Engine/Content/EngineFonts/Faces/RobotoItalic.ufont" 305
"../../../Engine/Content/EngineFonts/Faces/RobotoBoldItalic.uasset" 306
"../../../Engine/Content/EngineFonts/Faces/RobotoBoldItalic.uexp" 307
"../../../Engine/Content/EngineFonts/Faces/RobotoBoldItalic.ufont" 308
"../../../Engine/Content/EngineFonts/Faces/RobotoBold.uasset" 309
"../../../Engine/Content/EngineFonts/Faces/RobotoBold.uexp" 310
"../../../Engine/Content/EngineFonts/Faces/RobotoBold.ufont" 311
"../../../Engine/Content/EngineFonts/Faces/DroidSansFallback.uasset" 312
"../../../Engine/Content/EngineFonts/Faces/DroidSansFallback.uexp" 313
"../../../Engine/Content/EngineFonts/Faces/DroidSansFallback.ufont" 314
"../../../Engine/Content/EngineFonts/Roboto.uasset" 315
"../../../Engine/Content/EngineFonts/Roboto.uexp" 316
"../../../Engine/Content/EngineMaterials/BaseFlattenNormalMap.uasset" 317
"../../../Engine/Content/EngineMaterials/BaseFlattenNormalMap.uexp" 318
"../../../Engine/Content/EngineMaterials/BaseFlattenGrayscaleMap.uasset" 319
"../../../Engine/Content/EngineMaterials/BaseFlattenGrayscaleMap.uexp" 320
"../../../Engine/Content/EngineMaterials/BaseFlattenEmissiveMap.uasset" 321
"../../../Engine/Content/EngineMaterials/BaseFlattenEmissiveMap.uexp" 322
"../../../Engine/Content/EngineMaterials/BaseFlattenDiffuseMap.uasset" 323
"../../../Engine/Content/EngineMaterials/BaseFlattenDiffuseMap.uexp" 324
"../../../Engine/Content/EngineMaterials/BaseFlattenMaterial.uasset" 325
"../../../Engine/Content/EngineMaterials/BaseFlattenMaterial.uexp" 326
"../../../Engine/Content/EngineMaterials/BlueNoise.uasset" 327
"../../../Engine/Content/EngineMaterials/BlueNoise.uexp" 328
"../../../Engine/Content/EngineMaterials/DefaultBloomKernel.uasset" 329
"../../../Engine/Content/EngineMaterials/DefaultBloomKernel.uexp" 330
"../../../Engine/Content/EngineMaterials/DefaultBokeh.uasset" 331
"../../../Engine/Content/EngineMaterials/DefaultBokeh.uexp" 332
"../../../Engine/Content/EngineMaterials/DefaultDiffuse.uasset" 333
"../../../Engine/Content/EngineMaterials/DefaultDiffuse.uexp" 334
"../../../Engine/Content/EngineMaterials/DefaultDiffuse.ubulk" 335
"../../../Engine/Content/EngineMaterials/DefaultDeferredDecalMaterial.uasset" 336
"../../../Engine/Content/EngineMaterials/DefaultDeferredDecalMaterial.uexp" 337
"../../../Engine/Content/EngineMaterials/DefaultLightFunctionMaterial.uasset" 338
"../../../Engine/Content/EngineMaterials/DefaultLightFunctionMaterial.uexp" 339
"../../../Engine/Content/Functions/Engine_MaterialFunctions02/Utility/BreakOutFloat2Components.uasset" 340
"../../../Engine/Content/Functions/Engine_MaterialFunctions02/Utility/BreakOutFloat2Components.uexp" 341
"../../../Engine/Content/EngineMaterials/DefaultPostProcessMaterial.uasset" 342
"../../../Engine/Content/EngineMaterials/DefaultPostProcessMaterial.uexp" 343
"../../../Engine/Content/EngineFonts/RobotoDistanceField.uasset" 344
"../../../Engine/Content/EngineFonts/RobotoDistanceField.uexp" 345
"../../../Engine/Content/EngineMaterials/DefaultTextMaterialOpaque.uasset" 346
"../../../Engine/Content/EngineMaterials/DefaultTextMaterialOpaque.uexp" 347
"../../../Engine/Content/EngineMaterials/DefaultWhiteGrid.uasset" 348
"../../../Engine/Content/EngineMaterials/DefaultWhiteGrid.uexp" 349
"../../../Engine/Content/EngineMaterials/DefaultWhiteGrid.ubulk" 350
"../../../Engine/Content/EngineMaterials/DefaultWhiteGrid_Low.uasset" 351
"../../../Engine/Content/EngineMaterials/DefaultWhiteGrid_Low.uexp" 352
"../../../Engine/Content/EngineMaterials/EmissiveMeshMaterial.uasset" 353
"../../../Engine/Content/EngineMaterials/EmissiveMeshMaterial.uexp" 354
"../../../Engine/Content/EngineMaterials/GizmoMaterial.uasset" 355
"../../../Engine/Content/EngineMaterials/GizmoMaterial.uexp" 356
"../../../Engine/Content/EngineMaterials/Good64x64TilingNoiseHighFreq.uasset" 357
"../../../Engine/Content/EngineMaterials/Good64x64TilingNoiseHighFreq.uexp" 358
"../../../Engine/Content/EngineMaterials/MiniFont.uasset" 359
"../../../Engine/Content/EngineMaterials/MiniFont.uexp" 360
"../../../Engine/Content/EngineMaterials/InvalidLightmapSettings.uasset" 361
"../../../Engine/Content/EngineMaterials/InvalidLightmapSettings.uexp" 362
"../../../Engine/Content/EngineMaterials/InvalidLightmapSettings.ubulk" 363
"../../../Engine/Content/EngineMaterials/M_InvalidLightmapSettings.uasset" 364
"../../../Engine/Content/EngineMaterials/M_InvalidLightmapSettings.uexp" 365
"../../../Engine/Content/Functions/Engine_MaterialFunctions02/WorldPositionOffset/CameraOffset.uasset" 366
"../../../Engine/Content/Functions/Engine_MaterialFunctions02/WorldPositionOffset/CameraOffset.uexp" 367
"../../../Engine/Content/EngineMaterials/PhAT_JointLimitMaterial.uasset" 368
"../../../Engine/Content/EngineMaterials/PhAT_JointLimitMaterial.uexp" 369
"../../../Engine/Content/EngineMaterials/DefaultCalibrationColor.uasset" 370
"../../../Engine/Content/EngineMaterials/DefaultCalibrationColor.uexp" 371
"../../../Engine/Content/EngineMaterials/PPM_DefaultCalibrationColor.uasset" 372
"../../../Engine/Content/EngineMaterials/PPM_DefaultCalibrationColor.uexp" 373
"../../../Engine/Content/EngineMaterials/DefaultCalibrationGrayscale.uasset" 374
"../../../Engine/Content/EngineMaterials/DefaultCalibrationGrayscale.uexp" 375
"../../../Engine/Content/EngineMaterials/PPM_DefaultCalibrationGrayscale.uasset" 376
"../../../Engine/Content/EngineMaterials/PPM_DefaultCalibrationGrayscale.uexp" 377
"../../../Engine/Content/EngineMaterials/PreintegratedSkinBRDF.uasset" 378
"../../../Engine/Content/EngineMaterials/PreintegratedSkinBRDF.uexp" 379
"../../../Engine/Content/EngineMaterials/RemoveSurfaceMaterial.uasset" 380
"../../../Engine/Content/EngineMaterials/RemoveSurfaceMaterial.uexp" 381
"../../../Engine/Content/EngineMaterials/WeightMapPlaceholderTexture.uasset" 382
"../../../Engine/Content/EngineMaterials/WeightMapPlaceholderTexture.uexp" 383
"../../../Engine/Content/EngineResources/WhiteSquareTexture.uasset" 384
"../../../Engine/Content/EngineResources/WhiteSquareTexture.uexp" 385
"../../../Engine/Content/EngineMaterials/Widget3DPassThrough.uasset" 386
"../../../Engine/Content/EngineMaterials/Widget3DPassThrough.uexp" 387
"../../../Engine/Content/EngineMaterials/Widget3DPassThrough_Masked.uasset" 388
"../../../Engine/Content/EngineMaterials/Widget3DPassThrough_Masked.uexp" 389
"../../../Engine/Content/EngineMaterials/Widget3DPassThrough_Opaque.uasset" 390
"../../../Engine/Content/EngineMaterials/Widget3DPassThrough_Opaque.uexp" 391
"../../../Engine/Content/EngineMaterials/Widget3DPassThrough_Masked_OneSided.uasset" 392
"../../../Engine/Content/EngineMaterials/Widget3DPassThrough_Masked_OneSided.uexp" 393
"../../../Engine/Content/EngineMaterials/Widget3DPassThrough_Opaque_OneSided.uasset" 394
"../../../Engine/Content/EngineMaterials/Widget3DPassThrough_Opaque_OneSided.uexp" 395
"../../../Engine/Content/EngineMaterials/Widget3DPassThrough_Translucent.uasset" 396
"../../../Engine/Content/EngineMaterials/Widget3DPassThrough_Translucent.uexp" 397
"../../../Engine/Content/EngineMaterials/Widget3DPassThrough_Translucent_OneSided.uasset" 398
"../../../Engine/Content/EngineMaterials/Widget3DPassThrough_Translucent_OneSided.uexp" 399
"../../../Engine/Content/EngineMeshes/Cylinder.uasset" 400
"../../../Engine/Content/EngineMeshes/Cylinder.uexp" 401
"../../../Engine/Content/EngineMeshes/Sphere.uasset" 402
"../../../Engine/Content/EngineMeshes/Sphere.uexp" 403
"../../../Engine/Content/EngineResources/DefaultTextureCube.uasset" 404
"../../../Engine/Content/EngineResources/DefaultTextureCube.uexp" 405
"../../../Engine/Content/EngineResources/DefaultVolumeTexture2D.uasset" 406
"../../../Engine/Content/EngineResources/DefaultVolumeTexture2D.uexp" 407
"../../../Engine/Content/EngineResources/DefaultVolumeTexture.uasset" 408
"../../../Engine/Content/EngineResources/DefaultVolumeTexture.uexp" 409
"../../../Engine/Content/EngineResources/GradientTexture0.uasset" 410
"../../../Engine/Content/EngineResources/GradientTexture0.uexp" 411
"../../../Engine/Content/EngineSky/VolumetricClouds/T_NoiseShape64.uasset" 412
"../../../Engine/Content/EngineSky/VolumetricClouds/T_NoiseShape64.uexp" 413
"../../../Engine/Content/EngineSky/VolumetricClouds/T_NoiseShape64.ubulk" 414
"../../../Engine/Content/EngineSky/VolumetricClouds/T_VolumeNoiseShape64.uasset" 415
"../../../Engine/Content/EngineSky/VolumetricClouds/T_VolumeNoiseShape64.uexp" 416
"../../../Engine/Content/EngineSky/VolumetricClouds/T_NoiseErosion.uasset" 417
"../../../Engine/Content/EngineSky/VolumetricClouds/T_NoiseErosion.uexp" 418
"../../../Engine/Content/EngineSky/VolumetricClouds/T_NoiseErosion.ubulk" 419
"../../../Engine/Content/EngineSky/VolumetricClouds/T_VolumeNoiseErosion32.uasset" 420
"../../../Engine/Content/EngineSky/VolumetricClouds/T_VolumeNoiseErosion32.uexp" 421
"../../../Engine/Content/Functions/Engine_MaterialFunctions02/Utility/MakeFloat2.uasset" 422
"../../../Engine/Content/Functions/Engine_MaterialFunctions02/Utility/MakeFloat2.uexp" 423
"../../../Engine/Content/EngineSky/VolumetricClouds/CloudWeatherTexture.uasset" 424
"../../../Engine/Content/EngineSky/VolumetricClouds/CloudWeatherTexture.uexp" 425
"../../../Engine/Content/EngineSky/VolumetricClouds/CloudGradientTexture.uasset" 426
"../../../Engine/Content/EngineSky/VolumetricClouds/CloudGradientTexture.uexp" 427
"../../../Engine/Content/EngineSky/VolumetricClouds/m_SimpleVolumetricCloud.uasset" 428
"../../../Engine/Content/EngineSky/VolumetricClouds/m_SimpleVolumetricCloud.uexp" 429
"../../../Engine/Content/EngineSky/VolumetricClouds/m_SimpleVolumetricCloud_Inst.uasset" 430
"../../../Engine/Content/EngineSky/VolumetricClouds/m_SimpleVolumetricCloud_Inst.uexp" 431
"../../../Engine/Content/EngineSounds/Master.uasset" 432
"../../../Engine/Content/EngineSounds/Master.uexp" 433
"../../../Engine/Content/Functions/Engine_MaterialFunctions01/Shading/PowerToRoughness.uasset" 434
"../../../Engine/Content/Functions/Engine_MaterialFunctions01/Shading/PowerToRoughness.uexp" 435
"../../../Engine/Content/Maps/Templates/Thumbnails/Default.uasset" 436
"../../../Engine/Content/Maps/Templates/Thumbnails/Default.uexp" 437
"../../../Engine/Content/Maps/Templates/Thumbnails/TimeOfDay.uasset" 438
"../../../Engine/Content/Maps/Templates/Thumbnails/TimeOfDay.uexp" 439
"../../../Engine/Content/Maps/Templates/Thumbnails/VR-Basic.uasset" 440
"../../../Engine/Content/Maps/Templates/Thumbnails/VR-Basic.uexp" 441
"../../../Engine/Content/MobileResources/T_MobileControls_texture.uasset" 442
"../../../Engine/Content/MobileResources/T_MobileControls_texture.uexp" 443
"../../../Engine/Content/MobileResources/T_MobileMenu2.uasset" 444
"../../../Engine/Content/MobileResources/T_MobileMenu2.uexp" 445
"../../../Engine/Content/MobileResources/HUD/AnalogHat.uasset" 446
"../../../Engine/Content/MobileResources/HUD/AnalogHat.uexp" 447
"../../../Engine/Content/MobileResources/HUD/VirtualJoystick_Thumb.uasset" 448
"../../../Engine/Content/MobileResources/HUD/VirtualJoystick_Thumb.uexp" 449
"../../../Engine/Content/MobileResources/HUD/VirtualJoystick_Background.uasset" 450
"../../../Engine/Content/MobileResources/HUD/VirtualJoystick_Background.uexp" 451
"../../../Engine/Content/MobileResources/HUD/DefaultVirtualJoysticks.uasset" 452
"../../../Engine/Content/MobileResources/HUD/DefaultVirtualJoysticks.uexp" 453
"../../../Engine/Content/MobileResources/HUD/LeftVirtualJoystickOnly.uasset" 454
"../../../Engine/Content/MobileResources/HUD/LeftVirtualJoystickOnly.uexp" 455
"../../../Engine/Content/MobileResources/HUD/MobileHUDButton1_off.uasset" 456
"../../../Engine/Content/MobileResources/HUD/MobileHUDButton1_off.uexp" 457
"../../../Engine/Content/MobileResources/HUD/MobileHUDButton1_on.uasset" 458
"../../../Engine/Content/MobileResources/HUD/MobileHUDButton1_on.uexp" 459
"../../../Engine/Content/MobileResources/HUD/MobileHUDButton2_off.uasset" 460
"../../../Engine/Content/MobileResources/HUD/MobileHUDButton2_off.uexp" 461
"../../../Engine/Content/MobileResources/HUD/MobileHUDButton2_on.uasset" 462
"../../../Engine/Content/MobileResources/HUD/MobileHUDButton2_on.uexp" 463
"../../../Engine/Content/MobileResources/HUD/MobileHUDButton3.uasset" 464
"../../../Engine/Content/MobileResources/HUD/MobileHUDButton3.uexp" 465
"../../../Engine/Content/MobileResources/HUD/MobileHUDButtonFire.uasset" 466
"../../../Engine/Content/MobileResources/HUD/MobileHUDButtonFire.uexp" 467
"../../../Engine/Content/MobileResources/HUD/MobileHUDDirectionPad.uasset" 468
"../../../Engine/Content/MobileResources/HUD/MobileHUDDirectionPad.uexp" 469
"../../../Engine/Content/MobileResources/HUD/MobileHUDDirectionPad2.uasset" 470
"../../../Engine/Content/MobileResources/HUD/MobileHUDDirectionPad2.uexp" 471
"../../../Engine/Content/MobileResources/HUD/MobileHUDDirectionPad3.uasset" 472
"../../../Engine/Content/MobileResources/HUD/MobileHUDDirectionPad3.uexp" 473
"../../../Engine/Content/MobileResources/HUD/MobileHUDDirectionStick.uasset" 474
"../../../Engine/Content/MobileResources/HUD/MobileHUDDirectionStick.uexp" 475
"../../../Engine/Content/MobileResources/HUD/T_Castle_ThumbstickInner.uasset" 476
"../../../Engine/Content/MobileResources/HUD/T_Castle_ThumbstickInner.uexp" 477
"../../../Engine/Content/MobileResources/HUD/T_Castle_ThumbstickOutter.uasset" 478
"../../../Engine/Content/MobileResources/HUD/T_Castle_ThumbstickOutter.uexp" 479
"../../../Engine/Content/Tutorial/ContentIntroCurve.uasset" 480
"../../../Engine/Content/Tutorial/ContentIntroCurve.uexp" 481
"../../../Engine/Content/VREditor/TransformGizmo/TranslucentTransformGizmoMaterial.uasset" 482
"../../../Engine/Content/VREditor/TransformGizmo/TranslucentTransformGizmoMaterial.uexp" 483
"../../../Engine/Content/VREditor/LaserPointer/VR_LaserPower_01.uasset" 484
"../../../Engine/Content/VREditor/LaserPointer/VR_LaserPower_01.uexp" 485
"../../../Engine/Content/VREditor/LaserPointer/VR_LaserPower_01.ubulk" 486
"../../../Engine/Content/VREditor/TransformGizmo/TransformGizmoMaterial.uasset" 487
"../../../Engine/Content/VREditor/TransformGizmo/TransformGizmoMaterial.uexp" 488
"../../../Engine/Content/VREditor/TransformGizmo/BoundingBoxCorner.uasset" 489
"../../../Engine/Content/VREditor/TransformGizmo/BoundingBoxCorner.uexp" 490
"../../../Engine/Content/VREditor/TransformGizmo/BoundingBoxEdge.uasset" 491
"../../../Engine/Content/VREditor/TransformGizmo/BoundingBoxEdge.uexp" 492
"../../../Engine/Content/VREditor/TransformGizmo/PlaneTranslationHandle.uasset" 493
"../../../Engine/Content/VREditor/TransformGizmo/PlaneTranslationHandle.uexp" 494
"../../../Engine/Content/VREditor/TransformGizmo/Xray.uasset" 495
"../../../Engine/Content/VREditor/TransformGizmo/Xray.uexp" 496
"../../../Engine/Content/VREditor/TransformGizmo/Main.uasset" 497
"../../../Engine/Content/VREditor/TransformGizmo/Main.uexp" 498
"../../../Engine/Content/VREditor/TransformGizmo/SM_Sequencer_Key.uasset" 499
"../../../Engine/Content/VREditor/TransformGizmo/SM_Sequencer_Key.uexp" 500
"../../../Engine/Content/VREditor/TransformGizmo/SM_Sequencer_Node.uasset" 501
"../../../Engine/Content/VREditor/TransformGizmo/SM_Sequencer_Node.uexp" 502
"../../../Engine/Plugins/2D/Paper2D/Content/PlaceholderTextures/DummySpriteTexture.uasset" 503
"../../../Engine/Plugins/2D/Paper2D/Content/PlaceholderTextures/DummySpriteTexture.uexp" 504
"../../../Engine/Plugins/2D/Paper2D/Content/PlaceholderTextures/DummySpriteTexture.ubulk" 505
"../../../Engine/Plugins/2D/Paper2D/Content/DummySprite.uasset" 506
"../../../Engine/Plugins/2D/Paper2D/Content/DummySprite.uexp" 507
"../../../Engine/Plugins/2D/Paper2D/Content/DefaultPaperTerrainMaterial.uasset" 508
"../../../Engine/Plugins/2D/Paper2D/Content/DefaultPaperTerrainMaterial.uexp" 509
"../../../Engine/Plugins/2D/Paper2D/Content/DefaultSpriteMaterial.uasset" 510
"../../../Engine/Plugins/2D/Paper2D/Content/DefaultSpriteMaterial.uexp" 511
"../../../Engine/Plugins/2D/Paper2D/Content/MaskedUnlitSpriteMaterial.uasset" 512
"../../../Engine/Plugins/2D/Paper2D/Content/MaskedUnlitSpriteMaterial.uexp" 513
"../../../Engine/Plugins/2D/Paper2D/Content/OpaqueUnlitSpriteMaterial.uasset" 514
"../../../Engine/Plugins/2D/Paper2D/Content/OpaqueUnlitSpriteMaterial.uexp" 515
"../../../Engine/Content/Functions/Engine_MaterialFunctions02/Utility/BreakOutFloat3Components.uasset" 516
"../../../Engine/Content/Functions/Engine_MaterialFunctions02/Utility/BreakOutFloat3Components.uexp" 517
"../../../Engine/Content/Functions/Engine_MaterialFunctions02/Utility/VectorLength.uasset" 518
"../../../Engine/Content/Functions/Engine_MaterialFunctions02/Utility/VectorLength.uexp" 519
"../../../Engine/Content/Functions/Engine_MaterialFunctions02/WorldPositionOffset/ObjectScale.uasset" 520
"../../../Engine/Content/Functions/Engine_MaterialFunctions02/WorldPositionOffset/ObjectScale.uexp" 521
"../../../Engine/Content/Functions/Engine_MaterialFunctions02/ObjectLocalBounds.uasset" 522
"../../../Engine/Content/Functions/Engine_MaterialFunctions02/ObjectLocalBounds.uexp" 523
"../../../Engine/Plugins/Editor/SpeedTreeImporter/Content/SpeedTree9/UnpackInteger3.uasset" 524
"../../../Engine/Plugins/Editor/SpeedTreeImporter/Content/SpeedTree9/UnpackInteger3.uexp" 525
"../../../Engine/Plugins/Editor/SpeedTreeImporter/Content/SpeedTree9/UnpackDirection.uasset" 526
"../../../Engine/Plugins/Editor/SpeedTreeImporter/Content/SpeedTree9/UnpackDirection.uexp" 527
"../../../Engine/Plugins/Editor/SpeedTreeImporter/Content/SpeedTree9/game_wind_noise.uasset" 528
"../../../Engine/Plugins/Editor/SpeedTreeImporter/Content/SpeedTree9/game_wind_noise.uexp" 529
"../../../Engine/Plugins/Editor/SpeedTreeImporter/Content/SpeedTree9/game_wind_noise.ubulk" 530
"../../../Engine/Content/Functions/Engine_MaterialFunctions02/SafeNormalize.uasset" 531
"../../../Engine/Content/Functions/Engine_MaterialFunctions02/SafeNormalize.uexp" 532
"../../../Engine/Plugins/Editor/SpeedTreeImporter/Content/SpeedTree9/SpeedTreeWindMotion.uasset" 533
"../../../Engine/Plugins/Editor/SpeedTreeImporter/Content/SpeedTree9/SpeedTreeWindMotion.uexp" 534
"../../../Engine/Plugins/Editor/SpeedTreeImporter/Content/SpeedTree9/SpeedTreeBranchMotion.uasset" 535
"../../../Engine/Plugins/Editor/SpeedTreeImporter/Content/SpeedTree9/SpeedTreeBranchMotion.uexp" 536
"../../../Engine/Content/Functions/Engine_MaterialFunctions02/UVs/BoundingBoxBased_0-1_UVW.uasset" 537
"../../../Engine/Content/Functions/Engine_MaterialFunctions02/UVs/BoundingBoxBased_0-1_UVW.uexp" 538
"../../../Engine/Plugins/Editor/SpeedTreeImporter/Content/SpeedTree9/SpeedTreeWind.uasset" 539
"../../../Engine/Plugins/Editor/SpeedTreeImporter/Content/SpeedTree9/SpeedTreeWind.uexp" 540
"../../../Engine/Plugins/Editor/SpeedTreeImporter/Content/SpeedTree9/SpeedTreeBillboard.uasset" 541
"../../../Engine/Plugins/Editor/SpeedTreeImporter/Content/SpeedTree9/SpeedTreeBillboard.uexp" 542
"../../../Engine/Plugins/Editor/SpeedTreeImporter/Content/SpeedTree9/EmptyNormal.uasset" 543
"../../../Engine/Plugins/Editor/SpeedTreeImporter/Content/SpeedTree9/EmptyNormal.uexp" 544
"../../../Engine/Plugins/Editor/SpeedTreeImporter/Content/SpeedTree9/Empty.uasset" 545
"../../../Engine/Plugins/Editor/SpeedTreeImporter/Content/SpeedTree9/Empty.uexp" 546
"../../../Engine/Plugins/Editor/SpeedTreeImporter/Content/SpeedTree9/SpeedTreeBillboardMaster.uasset" 547
"../../../Engine/Plugins/Editor/SpeedTreeImporter/Content/SpeedTree9/SpeedTreeBillboardMaster.uexp" 548
"../../../Engine/Plugins/Editor/SpeedTreeImporter/Content/SpeedTree9/SpeedTreeCameraFacing.uasset" 549
"../../../Engine/Plugins/Editor/SpeedTreeImporter/Content/SpeedTree9/SpeedTreeCameraFacing.uexp" 550
"../../../Engine/Plugins/Editor/SpeedTreeImporter/Content/SpeedTree9/SpeedTreeMaster.uasset" 551
"../../../Engine/Plugins/Editor/SpeedTreeImporter/Content/SpeedTree9/SpeedTreeMaster.uexp" 552
"../../../Engine/Plugins/Experimental/Water/Content/Curves/FloatCurve_WaterBodyIsland.uasset" 553
"../../../Engine/Plugins/Experimental/Water/Content/Curves/FloatCurve_WaterBodyIsland.uexp" 554
"../../../Engine/Plugins/Experimental/Water/Content/Icons/WaterBodyCustomSprite.uasset" 555
"../../../Engine/Plugins/Experimental/Water/Content/Icons/WaterBodyCustomSprite.uexp" 556
"../../../Engine/Plugins/Experimental/Water/Content/Icons/WaterBodyExclusionVolumeSprite.uasset" 557
"../../../Engine/Plugins/Experimental/Water/Content/Icons/WaterBodyExclusionVolumeSprite.uexp" 558
"../../../Engine/Plugins/Experimental/Water/Content/Icons/WaterBodyIslandSprite.uasset" 559
"../../../Engine/Plugins/Experimental/Water/Content/Icons/WaterBodyIslandSprite.uexp" 560
"../../../Engine/Plugins/Experimental/Water/Content/Icons/WaterBodyLakeSprite.uasset" 561
"../../../Engine/Plugins/Experimental/Water/Content/Icons/WaterBodyLakeSprite.uexp" 562
"../../../Engine/Plugins/Experimental/Water/Content/Icons/WaterBodyOceanSprite.uasset" 563
"../../../Engine/Plugins/Experimental/Water/Content/Icons/WaterBodyOceanSprite.uexp" 564
"../../../Engine/Plugins/Experimental/Water/Content/Icons/WaterBodyRiverSprite.uasset" 565
"../../../Engine/Plugins/Experimental/Water/Content/Icons/WaterBodyRiverSprite.uexp" 566
"../../../Engine/Plugins/Experimental/Water/Content/Icons/WaterErrorSprite.uasset" 567
"../../../Engine/Plugins/Experimental/Water/Content/Icons/WaterErrorSprite.uexp" 568
"../../../Engine/Plugins/Experimental/Water/Content/Icons/WaterErrorSprite.ubulk" 569
"../../../Engine/Plugins/Experimental/Water/Content/Icons/WaterLandscapeBrushSprite.uasset" 570
"../../../Engine/Plugins/Experimental/Water/Content/Icons/WaterLandscapeBrushSprite.uexp" 571
"../../../Engine/Plugins/Experimental/Water/Content/Icons/WaterLandscapeBrushSprite.ubulk" 572
"../../../Engine/Plugins/Experimental/Water/Content/Icons/WaterMeshActorSprite.uasset" 573
"../../../Engine/Plugins/Experimental/Water/Content/Icons/WaterMeshActorSprite.uexp" 574
"../../../Engine/Plugins/Experimental/Water/Content/Icons/WaterMeshActorSprite.ubulk" 575
"../../../Engine/Plugins/Experimental/Water/Content/Icons/WaterSprite.uasset" 576
"../../../Engine/Plugins/Experimental/Water/Content/Icons/WaterSprite.uexp" 577
"../../../Engine/Plugins/Experimental/Water/Content/Meshes/LakeMesh.uasset" 578
"../../../Engine/Plugins/Experimental/Water/Content/Meshes/LakeMesh.uexp" 579
"../../../Engine/Plugins/Experimental/Water/Content/Meshes/RiverMesh.uasset" 580
"../../../Engine/Plugins/Experimental/Water/Content/Meshes/RiverMesh.uexp" 581
"../../../Engine/Plugins/Experimental/Water/Content/Waves/GerstnerWaves_Lake.uasset" 582
"../../../Engine/Plugins/Experimental/Water/Content/Waves/GerstnerWaves_Lake.uexp" 583
"../../../Engine/Content/BasicShapes/Cylinder.uasset" 584
"../../../Engine/Content/BasicShapes/Cylinder.uexp" 585
"../../../Engine/Content/ArtTools/RenderToTexture/Materials/Debug/M_Emissive_Color.uasset" 586
"../../../Engine/Content/ArtTools/RenderToTexture/Materials/Debug/M_Emissive_Color.uexp" 587
"../../../Engine/Plugins/Lumin/MagicLeapPassableWorld/Content/MagicLeapARPinInfoActor.uasset" 588
"../../../Engine/Plugins/Lumin/MagicLeapPassableWorld/Content/MagicLeapARPinInfoActor.uexp" 589
"../../../Engine/Plugins/Runtime/OpenXR/Content/Devices/GoogleDaydream/MRTexture.uasset" 590
"../../../Engine/Plugins/Runtime/OpenXR/Content/Devices/GoogleDaydream/MRTexture.uexp" 591
"../../../Engine/Plugins/Runtime/OpenXR/Content/Devices/GoogleDaydream/MRTexture.ubulk" 592
"../../../Engine/Plugins/Runtime/OpenXR/Content/Devices/GoogleDaydream/BaseTexture.uasset" 593
"../../../Engine/Plugins/Runtime/OpenXR/Content/Devices/GoogleDaydream/BaseTexture.uexp" 594
"../../../Engine/Plugins/Runtime/OpenXR/Content/Devices/GoogleDaydream/BaseTexture.ubulk" 595
"../../../Engine/Content/EngineResources/Black.uasset" 596
"../../../Engine/Content/EngineResources/Black.uexp" 597
"../../../Engine/Plugins/Runtime/OpenXR/Content/Devices/M_XRController.uasset" 598
"../../../Engine/Plugins/Runtime/OpenXR/Content/Devices/M_XRController.uexp" 599
"../../../Engine/Plugins/Runtime/OpenXR/Content/Devices/GoogleDaydream/MI_GoogleDaydream.uasset" 600
"../../../Engine/Plugins/Runtime/OpenXR/Content/Devices/GoogleDaydream/MI_GoogleDaydream.uexp" 601
"../../../Engine/Plugins/Runtime/OpenXR/Content/Devices/GoogleDaydream/GoogleDaydreamController.uasset" 602
"../../../Engine/Plugins/Runtime/OpenXR/Content/Devices/GoogleDaydream/GoogleDaydreamController.uexp" 603
"../../../Engine/Plugins/Runtime/OpenXR/Content/Devices/HTCVive/BaseTexture.uasset" 604
"../../../Engine/Plugins/Runtime/OpenXR/Content/Devices/HTCVive/BaseTexture.uexp" 605
"../../../Engine/Plugins/Runtime/OpenXR/Content/Devices/HTCVive/BaseTexture.ubulk" 606
"../../../Engine/Plugins/Runtime/OpenXR/Content/Devices/HTCVive/MI_HTCVive.uasset" 607
"../../../Engine/Plugins/Runtime/OpenXR/Content/Devices/HTCVive/MI_HTCVive.uexp" 608
"../../../Engine/Plugins/Runtime/OpenXR/Content/Devices/HTCVive/HTCViveController.uasset" 609
"../../../Engine/Plugins/Runtime/OpenXR/Content/Devices/HTCVive/HTCViveController.uexp" 610
"../../../Engine/Plugins/Runtime/OpenXR/Content/Devices/MicrosoftMixedReality/NormalTexture.uasset" 611
"../../../Engine/Plugins/Runtime/OpenXR/Content/Devices/MicrosoftMixedReality/NormalTexture.uexp" 612
"../../../Engine/Plugins/Runtime/OpenXR/Content/Devices/MicrosoftMixedReality/NormalTexture.ubulk" 613
"../../../Engine/Plugins/Runtime/OpenXR/Content/Devices/MicrosoftMixedReality/MRTexture.uasset" 614
"../../../Engine/Plugins/Runtime/OpenXR/Content/Devices/MicrosoftMixedReality/MRTexture.uexp" 615
"../../../Engine/Plugins/Runtime/OpenXR/Content/Devices/MicrosoftMixedReality/MRTexture.ubulk" 616
"../../../Engine/Plugins/Runtime/OpenXR/Content/Devices/MicrosoftMixedReality/EmissiveTexture.uasset" 617
"../../../Engine/Plugins/Runtime/OpenXR/Content/Devices/MicrosoftMixedReality/EmissiveTexture.uexp" 618
"../../../Engine/Plugins/Runtime/OpenXR/Content/Devices/MicrosoftMixedReality/EmissiveTexture.ubulk" 619
"../../../Engine/Plugins/Runtime/OpenXR/Content/Devices/MicrosoftMixedReality/BaseTexture.uasset" 620
"../../../Engine/Plugins/Runtime/OpenXR/Content/Devices/MicrosoftMixedReality/BaseTexture.uexp" 621
"../../../Engine/Plugins/Runtime/OpenXR/Content/Devices/MicrosoftMixedReality/BaseTexture.ubulk" 622
"../../../Engine/Plugins/Runtime/OpenXR/Content/Devices/MicrosoftMixedReality/MI_MicrosoftMixedReality.uasset" 623
"../../../Engine/Plugins/Runtime/OpenXR/Content/Devices/MicrosoftMixedReality/MI_MicrosoftMixedReality.uexp" 624
"../../../Engine/Plugins/Runtime/OpenXR/Content/Devices/MicrosoftMixedReality/Left/left_MicrosoftMixedRealityController.uasset" 625
"../../../Engine/Plugins/Runtime/OpenXR/Content/Devices/MicrosoftMixedReality/Left/left_MicrosoftMixedRealityController.uexp" 626
"../../../Engine/Plugins/Runtime/OpenXR/Content/Devices/MicrosoftMixedReality/Right/right_MicrosoftMixedRealityController.uasset" 627
"../../../Engine/Plugins/Runtime/OpenXR/Content/Devices/MicrosoftMixedReality/Right/right_MicrosoftMixedRealityController.uexp" 628
"../../../Engine/Plugins/Runtime/OpenXR/Content/Devices/OculusGo/BaseTexture.uasset" 629
"../../../Engine/Plugins/Runtime/OpenXR/Content/Devices/OculusGo/BaseTexture.uexp" 630
"../../../Engine/Plugins/Runtime/OpenXR/Content/Devices/OculusGo/BaseTexture.ubulk" 631
"../../../Engine/Plugins/Runtime/OpenXR/Content/Devices/OculusGo/MI_OculusGo.uasset" 632
"../../../Engine/Plugins/Runtime/OpenXR/Content/Devices/OculusGo/MI_OculusGo.uexp" 633
"../../../Engine/Plugins/Runtime/OpenXR/Content/Devices/OculusGo/OculusGoController.uasset" 634
"../../../Engine/Plugins/Runtime/OpenXR/Content/Devices/OculusGo/OculusGoController.uexp" 635
"../../../Engine/Plugins/Runtime/OpenXR/Content/Devices/OculusTouch/MRTexture.uasset" 636
"../../../Engine/Plugins/Runtime/OpenXR/Content/Devices/OculusTouch/MRTexture.uexp" 637
"../../../Engine/Plugins/Runtime/OpenXR/Content/Devices/OculusTouch/MRTexture.ubulk" 638
"../../../Engine/Plugins/Runtime/OpenXR/Content/Devices/OculusTouch/BaseTexture.uasset" 639
"../../../Engine/Plugins/Runtime/OpenXR/Content/Devices/OculusTouch/BaseTexture.uexp" 640
"../../../Engine/Plugins/Runtime/OpenXR/Content/Devices/OculusTouch/BaseTexture.ubulk" 641
"../../../Engine/Plugins/Runtime/OpenXR/Content/Devices/OculusTouch/MI_OculusTouch.uasset" 642
"../../../Engine/Plugins/Runtime/OpenXR/Content/Devices/OculusTouch/MI_OculusTouch.uexp" 643
"../../../Engine/Plugins/Runtime/OpenXR/Content/Devices/OculusTouch/Left/left_OculusTouchController.uasset" 644
"../../../Engine/Plugins/Runtime/OpenXR/Content/Devices/OculusTouch/Left/left_OculusTouchController.uexp" 645
"../../../Engine/Plugins/Runtime/OpenXR/Content/Devices/OculusTouch/Right/right_OculusTouchController.uasset" 646
"../../../Engine/Plugins/Runtime/OpenXR/Content/Devices/OculusTouch/Right/right_OculusTouchController.uexp" 647
"../../../Engine/Plugins/Runtime/OpenXR/Content/Devices/OculusTouch_v2/MRTexture.uasset" 648
"../../../Engine/Plugins/Runtime/OpenXR/Content/Devices/OculusTouch_v2/MRTexture.uexp" 649
"../../../Engine/Plugins/Runtime/OpenXR/Content/Devices/OculusTouch_v2/MRTexture.ubulk" 650
"../../../Engine/Plugins/Runtime/OpenXR/Content/Devices/OculusTouch_v2/BaseTexture.uasset" 651
"../../../Engine/Plugins/Runtime/OpenXR/Content/Devices/OculusTouch_v2/BaseTexture.uexp" 652
"../../../Engine/Plugins/Runtime/OpenXR/Content/Devices/OculusTouch_v2/BaseTexture.ubulk" 653
"../../../Engine/Plugins/Runtime/OpenXR/Content/Devices/OculusTouch_v2/MI_OculusTouch_v2.uasset" 654
"../../../Engine/Plugins/Runtime/OpenXR/Content/Devices/OculusTouch_v2/MI_OculusTouch_v2.uexp" 655
"../../../Engine/Plugins/Runtime/OpenXR/Content/Devices/OculusTouch_v2/Left/left_OculusTouch_v2Controller.uasset" 656
"../../../Engine/Plugins/Runtime/OpenXR/Content/Devices/OculusTouch_v2/Left/left_OculusTouch_v2Controller.uexp" 657
"../../../Engine/Plugins/Runtime/OpenXR/Content/Devices/OculusTouch_v2/Right/right_OculusTouch_v2Controller.uasset" 658
"../../../Engine/Plugins/Runtime/OpenXR/Content/Devices/OculusTouch_v2/Right/right_OculusTouch_v2Controller.uexp" 659
"../../../Engine/Plugins/Runtime/OpenXR/Content/Devices/OculusTouch_v3/MRTexture.uasset" 660
"../../../Engine/Plugins/Runtime/OpenXR/Content/Devices/OculusTouch_v3/MRTexture.uexp" 661
"../../../Engine/Plugins/Runtime/OpenXR/Content/Devices/OculusTouch_v3/MRTexture.ubulk" 662
"../../../Engine/Plugins/Runtime/OpenXR/Content/Devices/OculusTouch_v3/BaseTexture.uasset" 663
"../../../Engine/Plugins/Runtime/OpenXR/Content/Devices/OculusTouch_v3/BaseTexture.uexp" 664
"../../../Engine/Plugins/Runtime/OpenXR/Content/Devices/OculusTouch_v3/BaseTexture.ubulk" 665
"../../../Engine/Plugins/Runtime/OpenXR/Content/Devices/OculusTouch_v3/MI_OculusTouch_v3.uasset" 666
"../../../Engine/Plugins/Runtime/OpenXR/Content/Devices/OculusTouch_v3/MI_OculusTouch_v3.uexp" 667
"../../../Engine/Plugins/Runtime/OpenXR/Content/Devices/OculusTouch_v3/Left/left_OculusTouch_v3Controller.uasset" 668
"../../../Engine/Plugins/Runtime/OpenXR/Content/Devices/OculusTouch_v3/Left/left_OculusTouch_v3Controller.uexp" 669
"../../../Engine/Plugins/Runtime/OpenXR/Content/Devices/OculusTouch_v3/Right/right_OculusTouch_v3Controller.uasset" 670
"../../../Engine/Plugins/Runtime/OpenXR/Content/Devices/OculusTouch_v3/Right/right_OculusTouch_v3Controller.uexp" 671
"../../../Engine/Plugins/Runtime/OpenXR/Content/Devices/ValveIndex/MRTexture.uasset" 672
"../../../Engine/Plugins/Runtime/OpenXR/Content/Devices/ValveIndex/MRTexture.uexp" 673
"../../../Engine/Plugins/Runtime/OpenXR/Content/Devices/ValveIndex/MRTexture.ubulk" 674
"../../../Engine/Plugins/Runtime/OpenXR/Content/Devices/ValveIndex/BaseTexture.uasset" 675
"../../../Engine/Plugins/Runtime/OpenXR/Content/Devices/ValveIndex/BaseTexture.uexp" 676
"../../../Engine/Plugins/Runtime/OpenXR/Content/Devices/ValveIndex/BaseTexture.ubulk" 677
"../../../Engine/Plugins/Runtime/OpenXR/Content/Devices/ValveIndex/Left/MI_left_ValveIndex.uasset" 678
"../../../Engine/Plugins/Runtime/OpenXR/Content/Devices/ValveIndex/Left/MI_left_ValveIndex.uexp" 679
"../../../Engine/Plugins/Runtime/OpenXR/Content/Devices/ValveIndex/Left/left_ValveIndexController.uasset" 680
"../../../Engine/Plugins/Runtime/OpenXR/Content/Devices/ValveIndex/Left/left_ValveIndexController.uexp" 681
"../../../Engine/Plugins/Runtime/OpenXR/Content/Devices/ValveIndex/Right/MI_right_ValveIndex.uasset" 682
"../../../Engine/Plugins/Runtime/OpenXR/Content/Devices/ValveIndex/Right/MI_right_ValveIndex.uexp" 683
"../../../Engine/Plugins/Runtime/OpenXR/Content/Devices/ValveIndex/Right/right_ValveIndexController.uasset" 684
"../../../Engine/Plugins/Runtime/OpenXR/Content/Devices/ValveIndex/Right/right_ValveIndexController.uexp" 685
"../../../Engine/Content/Functions/Engine_MaterialFunctions02/Utility/MakeFloat3.uasset" 686
"../../../Engine/Content/Functions/Engine_MaterialFunctions02/Utility/MakeFloat3.uexp" 687
"../../../Engine/Content/Functions/Engine_MaterialFunctions02/Utility/BreakOutFloat4Components.uasset" 688
"../../../Engine/Content/Functions/Engine_MaterialFunctions02/Utility/BreakOutFloat4Components.uexp" 689
"../../../Engine/Plugins/Runtime/Oculus/OculusVR/Content/Materials/OculusMR_ChromaKey.uasset" 690
"../../../Engine/Plugins/Runtime/Oculus/OculusVR/Content/Materials/OculusMR_ChromaKey.uexp" 691
"../../../Engine/Plugins/Runtime/Oculus/OculusVR/Content/Materials/OculusMR_OpaqueColoredMaterial.uasset" 692
"../../../Engine/Plugins/Runtime/Oculus/OculusVR/Content/Materials/OculusMR_OpaqueColoredMaterial.uexp" 693
"../../../Engine/Plugins/Runtime/Oculus/OculusVR/Content/Materials/PokeAHoleMaterial.uasset" 694
"../../../Engine/Plugins/Runtime/Oculus/OculusVR/Content/Materials/PokeAHoleMaterial.uexp" 695
"../../../Engine/Plugins/Runtime/Oculus/OculusVR/Content/Textures/touchController_controlmap.uasset" 696
"../../../Engine/Plugins/Runtime/Oculus/OculusVR/Content/Textures/touchController_controlmap.uexp" 697
"../../../Engine/Plugins/Runtime/Oculus/OculusVR/Content/Textures/touchController_controlmap.ubulk" 698
"../../../Engine/Plugins/Runtime/Oculus/OculusVR/Content/Textures/touchController_albedo.uasset" 699
"../../../Engine/Plugins/Runtime/Oculus/OculusVR/Content/Textures/touchController_albedo.uexp" 700
"../../../Engine/Plugins/Runtime/Oculus/OculusVR/Content/Textures/touchController_albedo.ubulk" 701
"../../../Engine/Plugins/Runtime/Oculus/OculusVR/Content/Materials/touchController_mat.uasset" 702
"../../../Engine/Plugins/Runtime/Oculus/OculusVR/Content/Materials/touchController_mat.uexp" 703
"../../../Engine/Plugins/Runtime/Oculus/OculusVR/Content/Meshes/LeftTouchController.uasset" 704
"../../../Engine/Plugins/Runtime/Oculus/OculusVR/Content/Meshes/LeftTouchController.uexp" 705
"../../../Engine/Plugins/Runtime/Oculus/OculusVR/Content/Textures/TouchForQuestRiftSController_albedo.uasset" 706
"../../../Engine/Plugins/Runtime/Oculus/OculusVR/Content/Textures/TouchForQuestRiftSController_albedo.uexp" 707
"../../../Engine/Plugins/Runtime/Oculus/OculusVR/Content/Textures/TouchForQuestRiftSController_albedo.ubulk" 708
"../../../Engine/Plugins/Runtime/Oculus/OculusVR/Content/Materials/TouchForQuestRiftSControllerMaterial.uasset" 709
"../../../Engine/Plugins/Runtime/Oculus/OculusVR/Content/Materials/TouchForQuestRiftSControllerMaterial.uexp" 710
"../../../Engine/Plugins/Runtime/Oculus/OculusVR/Content/Meshes/LeftTouchForQuestRiftSController.uasset" 711
"../../../Engine/Plugins/Runtime/Oculus/OculusVR/Content/Meshes/LeftTouchForQuestRiftSController.uexp" 712
"../../../Engine/Plugins/Runtime/Oculus/OculusVR/Content/Meshes/RiftHMD.uasset" 713
"../../../Engine/Plugins/Runtime/Oculus/OculusVR/Content/Meshes/RiftHMD.uexp" 714
"../../../Engine/Plugins/Runtime/Oculus/OculusVR/Content/Meshes/RightTouchController.uasset" 715
"../../../Engine/Plugins/Runtime/Oculus/OculusVR/Content/Meshes/RightTouchController.uexp" 716
"../../../Engine/Plugins/Runtime/Oculus/OculusVR/Content/Meshes/RightTouchForQuestRiftSController.uasset" 717
"../../../Engine/Plugins/Runtime/Oculus/OculusVR/Content/Meshes/RightTouchForQuestRiftSController.uexp" 718
"../../../Engine/Plugins/Experimental/Water/Content/Waves/GerstnerWaves_Ocean.uasset" 719
"../../../Engine/Plugins/Experimental/Water/Content/Waves/GerstnerWaves_Ocean.uexp" 720
"../../../Engine/Content/EngineSky/T_Sky_Stars.uasset" 721
"../../../Engine/Content/EngineSky/T_Sky_Stars.uexp" 722
"../../../Engine/Content/EngineSky/T_Sky_Stars.ubulk" 723
"../../../Engine/Content/EngineSky/T_Sky_Clouds_M.uasset" 724
"../../../Engine/Content/EngineSky/T_Sky_Clouds_M.uexp" 725
"../../../Engine/Content/EngineSky/T_Sky_Clouds_M.ubulk" 726
"../../../Engine/Content/EngineSky/T_Sky_Blue.uasset" 727
"../../../Engine/Content/EngineSky/T_Sky_Blue.uexp" 728
"../../../Engine/Content/EngineSky/T_Sky_Blue.ubulk" 729
"../../../Engine/Plugins/Experimental/Water/Content/Textures/Foam/T_WaterFlow_01_Foam_Tiled_N.uasset" 730
"../../../Engine/Plugins/Experimental/Water/Content/Textures/Foam/T_WaterFlow_01_Foam_Tiled_N.uexp" 731
"../../../Engine/Plugins/Experimental/Water/Content/Textures/Foam/T_WaterFlow_01_Foam_Tiled_N.ubulk" 732
"../../../Engine/Plugins/Experimental/Water/Content/Textures/Foam/T_WaterFlow_01_Foam_Tiled.uasset" 733
"../../../Engine/Plugins/Experimental/Water/Content/Textures/Foam/T_WaterFlow_01_Foam_Tiled.uexp" 734
"../../../Engine/Plugins/Experimental/Water/Content/Textures/Foam/T_WaterFlow_01_Foam_Tiled.ubulk" 735
"../../../Engine/Plugins/Experimental/Water/Content/FluidSimulation/WaveFoam/FoamRT.uasset" 736
"../../../Engine/Plugins/Experimental/Water/Content/FluidSimulation/WaveFoam/FoamRT.uexp" 737
"../../../Engine/Plugins/Experimental/Water/Content/FluidSimulation/WaveFoam/WaterDistanceField.uasset" 738
"../../../Engine/Plugins/Experimental/Water/Content/FluidSimulation/WaveFoam/WaterDistanceField.uexp" 739
"../../../Engine/Plugins/Experimental/Water/Content/Textures/Normals/T_Water_TilingNormal_With_Height_02_Softened.uasset" 740
"../../../Engine/Plugins/Experimental/Water/Content/Textures/Normals/T_Water_TilingNormal_With_Height_02_Softened.uexp" 741
"../../../Engine/Plugins/Experimental/Water/Content/Textures/Normals/T_Water_TilingNormal_With_Height_02_Softened.ubulk" 742
"../../../Engine/Content/Functions/Engine_MaterialFunctions02/Utility/LinearSine.uasset" 743
"../../../Engine/Content/Functions/Engine_MaterialFunctions02/Utility/LinearSine.uexp" 744
"../../../Engine/Content/Functions/Engine_MaterialFunctions02/Math/Transform3x3Matrix.uasset" 745
"../../../Engine/Content/Functions/Engine_MaterialFunctions02/Math/Transform3x3Matrix.uexp" 746
"../../../Engine/Content/Functions/Engine_MaterialFunctions01/Texturing/ComputeMipLevel.uasset" 747
"../../../Engine/Content/Functions/Engine_MaterialFunctions01/Texturing/ComputeMipLevel.uexp" 748
"../../../Engine/Content/Functions/Engine_MaterialFunctions02/Math/TimeWithSpeedVariable.uasset" 749
"../../../Engine/Content/Functions/Engine_MaterialFunctions02/Math/TimeWithSpeedVariable.uexp" 750
"../../../Engine/Plugins/Experimental/Water/Content/Materials/MPC/MPC_Water.uasset" 751
"../../../Engine/Plugins/Experimental/Water/Content/Materials/MPC/MPC_Water.uexp" 752
"../../../Engine/Plugins/Experimental/Water/Content/Materials/Functions/HighQualityTextureFiltering.uasset" 753
"../../../Engine/Plugins/Experimental/Water/Content/Materials/Functions/HighQualityTextureFiltering.uexp" 754
"../../../Engine/Content/Functions/Engine_MaterialFunctions02/PivotPainter2/Black_1x1_EXR_Texture.uasset" 755
"../../../Engine/Content/Functions/Engine_MaterialFunctions02/PivotPainter2/Black_1x1_EXR_Texture.uexp" 756
"../../../Engine/Plugins/Experimental/Water/Content/Materials/Functions/WaterBodyData.uasset" 757
"../../../Engine/Plugins/Experimental/Water/Content/Materials/Functions/WaterBodyData.uexp" 758
"../../../Engine/Content/Functions/Engine_MaterialFunctions03/Procedurals/NormalFromHeightmap.uasset" 759
"../../../Engine/Content/Functions/Engine_MaterialFunctions03/Procedurals/NormalFromHeightmap.uexp" 760
"../../../Engine/Content/Functions/Engine_MaterialFunctions01/Gradient/BoxMask-2D.uasset" 761
"../../../Engine/Content/Functions/Engine_MaterialFunctions01/Gradient/BoxMask-2D.uexp" 762
"../../../Engine/Content/Functions/Engine_MaterialFunctions01/Gradient/LinearGradient.uasset" 763
"../../../Engine/Content/Functions/Engine_MaterialFunctions01/Gradient/LinearGradient.uexp" 764
"../../../Engine/Content/Functions/Engine_MaterialFunctions01/ImageAdjustment/CheapContrast.uasset" 765
"../../../Engine/Content/Functions/Engine_MaterialFunctions01/ImageAdjustment/CheapContrast.uexp" 766
"../../../Engine/Content/Functions/Engine_MaterialFunctions02/Texturing/HeightLerp.uasset" 767
"../../../Engine/Content/Functions/Engine_MaterialFunctions02/Texturing/HeightLerp.uexp" 768
"../../../Engine/Content/EngineSky/VolumetricClouds/T_NoiseShape.uasset" 769
"../../../Engine/Content/EngineSky/VolumetricClouds/T_NoiseShape.uexp" 770
"../../../Engine/Content/EngineSky/VolumetricClouds/T_NoiseShape.ubulk" 771
"../../../Engine/Content/EngineSky/VolumetricClouds/T_NoiseShape.uptnl" 772
"../../../Engine/Content/EngineSky/VolumetricClouds/T_VolumeNoiseShape128.uasset" 773
"../../../Engine/Content/EngineSky/VolumetricClouds/T_VolumeNoiseShape128.uexp" 774
"../../../Engine/Plugins/Experimental/Water/Content/Materials/Layers/BeachFoam.uasset" 775
"../../../Engine/Plugins/Experimental/Water/Content/Materials/Layers/BeachFoam.uexp" 776
"../../../Engine/Plugins/Experimental/Water/Content/Materials/Functions/WaveVelocityMask.uasset" 777
"../../../Engine/Plugins/Experimental/Water/Content/Materials/Functions/WaveVelocityMask.uexp" 778
"../../../Engine/Content/Functions/Engine_MaterialFunctions02/ExampleContent/Textures/water_n.uasset" 779
"../../../Engine/Content/Functions/Engine_MaterialFunctions02/ExampleContent/Textures/water_n.uexp" 780
"../../../Engine/Content/Functions/Engine_MaterialFunctions02/ExampleContent/Textures/water_n.ubulk" 781
"../../../Engine/Content/Functions/Engine_MaterialFunctions02/ExampleContent/Textures/water_d.uasset" 782
"../../../Engine/Content/Functions/Engine_MaterialFunctions02/ExampleContent/Textures/water_d.uexp" 783
"../../../Engine/Content/Functions/Engine_MaterialFunctions02/ExampleContent/Textures/water_d.ubulk" 784
"../../../Engine/Content/Functions/Engine_MaterialFunctions02/ExampleContent/Textures/LowResBlurredNoise.uasset" 785
"../../../Engine/Content/Functions/Engine_MaterialFunctions02/ExampleContent/Textures/LowResBlurredNoise.uexp" 786
"../../../Engine/Content/Functions/Engine_MaterialFunctions02/Math/AddComponents.uasset" 787
"../../../Engine/Content/Functions/Engine_MaterialFunctions02/Math/AddComponents.uexp" 788
"../../../Engine/Content/Functions/Engine_MaterialFunctions02/Math/MakeVectorsOrthogonal.uasset" 789
"../../../Engine/Content/Functions/Engine_MaterialFunctions02/Math/MakeVectorsOrthogonal.uexp" 790
"../../../Engine/Content/EngineMaterials/DefaultNormal.uasset" 791
"../../../Engine/Content/EngineMaterials/DefaultNormal.uexp" 792
"../../../Engine/Content/EngineMaterials/DefaultNormal.ubulk" 793
"../../../Engine/Content/Functions/Engine_MaterialFunctions02/Texturing/Flowmaps.uasset" 794
"../../../Engine/Content/Functions/Engine_MaterialFunctions02/Texturing/Flowmaps.uexp" 795
"../../../Engine/Content/Functions/Engine_MaterialFunctions01/Coordinates/WorldPosition-XY.uasset" 796
"../../../Engine/Content/Functions/Engine_MaterialFunctions01/Coordinates/WorldPosition-XY.uexp" 797
"../../../Engine/Content/Functions/Engine_MaterialFunctions01/Texturing/FlattenNormal.uasset" 798
"../../../Engine/Content/Functions/Engine_MaterialFunctions01/Texturing/FlattenNormal.uexp" 799
"../../../Engine/Plugins/Experimental/Water/Content/Materials/Functions/WaterRiverFlowmaps.uasset" 800
"../../../Engine/Plugins/Experimental/Water/Content/Materials/Functions/WaterRiverFlowmaps.uexp" 801
"../../../Engine/Plugins/Experimental/Water/Content/Materials/Functions/WaterOpacityMaskFromDepth.uasset" 802
"../../../Engine/Plugins/Experimental/Water/Content/Materials/Functions/WaterOpacityMaskFromDepth.uexp" 803
"../../../Engine/Plugins/Experimental/Water/Content/Materials/Functions/WaterHeightMappingVS.uasset" 804
"../../../Engine/Plugins/Experimental/Water/Content/Materials/Functions/WaterHeightMappingVS.uexp" 805
"../../../Engine/Plugins/Experimental/Water/Content/Materials/Functions/WaterCoefficientMask.uasset" 806
"../../../Engine/Plugins/Experimental/Water/Content/Materials/Functions/WaterCoefficientMask.uexp" 807
"../../../Engine/Plugins/Experimental/Water/Content/Materials/Functions/ComputeWavesAttenuationFactor.uasset" 808
"../../../Engine/Plugins/Experimental/Water/Content/Materials/Functions/ComputeWavesAttenuationFactor.uexp" 809
"../../../Engine/Plugins/Experimental/Water/Content/Materials/Functions/WaveDepthFalloff_Overrides.uasset" 810
"../../../Engine/Plugins/Experimental/Water/Content/Materials/Functions/WaveDepthFalloff_Overrides.uexp" 811
"../../../Engine/Plugins/Experimental/Water/Content/FluidSimulation/Materials/Functions/Fluidsim_WorldPosition_to_UV.uasset" 812
"../../../Engine/Plugins/Experimental/Water/Content/FluidSimulation/Materials/Functions/Fluidsim_WorldPosition_to_UV.uexp" 813
"../../../Engine/Content/Functions/Engine_MaterialFunctions01/Opacity/AlphaOffset.uasset" 814
"../../../Engine/Content/Functions/Engine_MaterialFunctions01/Opacity/AlphaOffset.uexp" 815
"../../../Engine/Plugins/Experimental/Water/Content/Materials/Functions/SampleFluidSimulation.uasset" 816
"../../../Engine/Plugins/Experimental/Water/Content/Materials/Functions/SampleFluidSimulation.uexp" 817
"../../../Engine/Plugins/Experimental/Water/Content/Materials/Functions/WorldPositionBehindWater.uasset" 818
"../../../Engine/Plugins/Experimental/Water/Content/Materials/Functions/WorldPositionBehindWater.uexp" 819
"../../../Engine/Plugins/Experimental/Water/Content/Materials/Functions/WorldNormalBehindWater.uasset" 820
"../../../Engine/Plugins/Experimental/Water/Content/Materials/Functions/WorldNormalBehindWater.uexp" 821
"../../../Engine/Plugins/Experimental/Water/Content/Materials/Functions/GetWaterTime.uasset" 822
"../../../Engine/Plugins/Experimental/Water/Content/Materials/Functions/GetWaterTime.uexp" 823
"../../../Engine/Plugins/Experimental/Water/Content/Materials/Functions/ComputeGerstnerWaves.uasset" 824
"../../../Engine/Plugins/Experimental/Water/Content/Materials/Functions/ComputeGerstnerWaves.uexp" 825
"../../../Engine/Plugins/Experimental/Water/Content/Caustics/Materials/Functions/GetDistortionUV.uasset" 826
"../../../Engine/Plugins/Experimental/Water/Content/Caustics/Materials/Functions/GetDistortionUV.uexp" 827
"../../../Engine/Plugins/Experimental/Water/Content/Caustics/Materials/Functions/WaterCaustics_GerstnerWaves.uasset" 828
"../../../Engine/Plugins/Experimental/Water/Content/Caustics/Materials/Functions/WaterCaustics_GerstnerWaves.uexp" 829
"../../../Engine/Plugins/Experimental/Water/Content/Materials/Layers/WaterAttributes.uasset" 830
"../../../Engine/Plugins/Experimental/Water/Content/Materials/Layers/WaterAttributes.uexp" 831
"../../../Engine/Plugins/Experimental/Water/Content/Materials/Functions/WaterTextureWaves.uasset" 832
"../../../Engine/Plugins/Experimental/Water/Content/Materials/Functions/WaterTextureWaves.uexp" 833
"../../../Engine/Plugins/Experimental/Water/Content/Materials/Functions/WaterTextureSurface.uasset" 834
"../../../Engine/Plugins/Experimental/Water/Content/Materials/Functions/WaterTextureSurface.uexp" 835
"../../../Engine/Plugins/Experimental/Water/Content/Materials/Functions/Water_Underside.uasset" 836
"../../../Engine/Plugins/Experimental/Water/Content/Materials/Functions/Water_Underside.uexp" 837
"../../../Engine/Plugins/Experimental/Water/Content/Materials/Functions/SetWaveAttributes.uasset" 838
"../../../Engine/Plugins/Experimental/Water/Content/Materials/Functions/SetWaveAttributes.uexp" 839
"../../../Engine/Plugins/Experimental/Landmass/Content/Landscape/BlueprintBrushes/MPC/MPC_Landscape.uasset" 840
"../../../Engine/Plugins/Experimental/Landmass/Content/Landscape/BlueprintBrushes/MPC/MPC_Landscape.uexp" 841
"../../../Engine/Content/EngineResources/DefaultTexture.uasset" 842
"../../../Engine/Content/EngineResources/DefaultTexture.uexp" 843
"../../../Engine/Content/EngineResources/DefaultTexture.ubulk" 844
"../../../Engine/Plugins/Experimental/Water/Content/Materials/WaterSurface/Water_Material.uasset" 845
"../../../Engine/Plugins/Experimental/Water/Content/Materials/WaterSurface/Water_Material.uexp" 846
"../../../Engine/Plugins/Experimental/Water/Content/Materials/WaterSurface/Water_Material_Inst.uasset" 847
"../../../Engine/Plugins/Experimental/Water/Content/Materials/WaterSurface/Water_Material_Inst.uexp" 848
"../../../Engine/Plugins/Experimental/Water/Content/Materials/WaterSurface/Water_Material_Ocean.uasset" 849
"../../../Engine/Plugins/Experimental/Water/Content/Materials/WaterSurface/Water_Material_Ocean.uexp" 850
"../../../Engine/Content/Functions/Engine_MaterialFunctions02/ScreenResolution.uasset" 851
"../../../Engine/Content/Functions/Engine_MaterialFunctions02/ScreenResolution.uexp" 852
"../../../Engine/Content/Functions/Engine_MaterialFunctions01/Texturing/ScaleUVsByCenter.uasset" 853
"../../../Engine/Content/Functions/Engine_MaterialFunctions01/Texturing/ScaleUVsByCenter.uexp" 854
"../../../Engine/Content/Functions/Engine_MaterialFunctions02/Texturing/ScreenAlignedUVs.uasset" 855
"../../../Engine/Content/Functions/Engine_MaterialFunctions02/Texturing/ScreenAlignedUVs.uexp" 856
"../../../Engine/Content/Functions/Engine_MaterialFunctions01/Texturing/TextureCropping.uasset" 857
"../../../Engine/Content/Functions/Engine_MaterialFunctions01/Texturing/TextureCropping.uexp" 858
"../../../Engine/Content/Functions/Engine_MaterialFunctions02/ExampleContent/Textures/DebugNumberPeriod.uasset" 859
"../../../Engine/Content/Functions/Engine_MaterialFunctions02/ExampleContent/Textures/DebugNumberPeriod.uexp" 860
"../../../Engine/Content/Functions/Engine_MaterialFunctions02/ExampleContent/DebugNumberStrip.uasset" 861
"../../../Engine/Content/Functions/Engine_MaterialFunctions02/ExampleContent/DebugNumberStrip.uexp" 862
"../../../Engine/Content/Functions/Engine_MaterialFunctions02/Utility/DebugScalarValues.uasset" 863
"../../../Engine/Content/Functions/Engine_MaterialFunctions02/Utility/DebugScalarValues.uexp" 864
"../../../Engine/Content/Functions/Engine_MaterialFunctions01/Volumetrics/SchlickPhase.uasset" 865
"../../../Engine/Content/Functions/Engine_MaterialFunctions01/Volumetrics/SchlickPhase.uexp" 866
"../../../Engine/Plugins/Experimental/Water/Content/Materials/PostProcessing/M_UnderWater_PostProcess_Volume.uasset" 867
"../../../Engine/Plugins/Experimental/Water/Content/Materials/PostProcessing/M_UnderWater_PostProcess_Volume.uexp" 868
"../../../Engine/Plugins/Experimental/Landmass/Content/Landscape/Mats/MF/SmoothTerracing.uasset" 869
"../../../Engine/Plugins/Experimental/Landmass/Content/Landscape/Mats/MF/SmoothTerracing.uexp" 870
"../../../Engine/Plugins/Experimental/Landmass/Content/Landscape/Mats/MF/SmoothIntersections.uasset" 871
"../../../Engine/Plugins/Experimental/Landmass/Content/Landscape/Mats/MF/SmoothIntersections.uexp" 872
"../../../Engine/Content/Functions/Engine_MaterialFunctions02/WorldPositionOffset/GenerateASpline.uasset" 873
"../../../Engine/Content/Functions/Engine_MaterialFunctions02/WorldPositionOffset/GenerateASpline.uexp" 874
"../../../Engine/Content/MapTemplates/TilingNoise05.uasset" 875
"../../../Engine/Content/MapTemplates/TilingNoise05.uexp" 876
"../../../Engine/Content/MapTemplates/TilingNoise05.ubulk" 877
"../../../Engine/Plugins/Experimental/Landmass/Content/Landscape/Mats/MF/CatmullRomTexture.uasset" 878
"../../../Engine/Plugins/Experimental/Landmass/Content/Landscape/Mats/MF/CatmullRomTexture.uexp" 879
"../../../Engine/Content/Functions/Engine_MaterialFunctions01/Math/SmoothCeil.uasset" 880
"../../../Engine/Content/Functions/Engine_MaterialFunctions01/Math/SmoothCeil.uexp" 881
"../../../Engine/Plugins/Experimental/Landmass/Content/Landscape/Mats/MF/BrushTerracing.uasset" 882
"../../../Engine/Plugins/Experimental/Landmass/Content/Landscape/Mats/MF/BrushTerracing.uexp" 883
"../../../Engine/Content/Functions/Engine_MaterialFunctions01/ImageAdjustment/SCurve.uasset" 884
"../../../Engine/Content/Functions/Engine_MaterialFunctions01/ImageAdjustment/SCurve.uexp" 885
"../../../Engine/Plugins/Experimental/Landmass/Content/Landscape/Mats/MF/BrushDisplaceMask.uasset" 886
"../../../Engine/Plugins/Experimental/Landmass/Content/Landscape/Mats/MF/BrushDisplaceMask.uexp" 887
"../../../Engine/Plugins/Experimental/Landmass/Content/Landscape/Mats/MF/BrushBlendModes.uasset" 888
"../../../Engine/Plugins/Experimental/Landmass/Content/Landscape/Mats/MF/BrushBlendModes.uexp" 889
"../../../Engine/Content/EngineResources/Black_Low.uasset" 890
"../../../Engine/Content/EngineResources/Black_Low.uexp" 891
"../../../Engine/Plugins/Experimental/Landmass/Content/Landscape/Mats/MF/BrushAlphaMask.uasset" 892
"../../../Engine/Plugins/Experimental/Landmass/Content/Landscape/Mats/MF/BrushAlphaMask.uexp" 893
"../../../Engine/Plugins/Experimental/Landmass/Content/Landscape/Mats/MF/UnpackRG8Height.uasset" 894
"../../../Engine/Plugins/Experimental/Landmass/Content/Landscape/Mats/MF/UnpackRG8Height.uexp" 895
"../../../Engine/Plugins/Experimental/Landmass/Content/Landscape/BlueprintBrushes/MF/PointSampleLandscapeUVs.uasset" 896
"../../../Engine/Plugins/Experimental/Landmass/Content/Landscape/BlueprintBrushes/MF/PointSampleLandscapeUVs.uexp" 897
"../../../Engine/Plugins/Experimental/Landmass/Content/Landscape/BlueprintBrushes/MF/ReadCachedDistanceField.uasset" 898
"../../../Engine/Plugins/Experimental/Landmass/Content/Landscape/BlueprintBrushes/MF/ReadCachedDistanceField.uexp" 899
"../../../Engine/Plugins/Experimental/Landmass/Content/Landscape/BlueprintBrushes/MF/PackRG8Height.uasset" 900
"../../../Engine/Plugins/Experimental/Landmass/Content/Landscape/BlueprintBrushes/MF/PackRG8Height.uexp" 901
"../../../Engine/Plugins/Experimental/Water/Content/Materials/Brushes/MeshBrush_Width.uasset" 902
"../../../Engine/Plugins/Experimental/Water/Content/Materials/Brushes/MeshBrush_Width.uexp" 903
"../../../Engine/Plugins/Experimental/Water/Content/Materials/Brushes/MeshBrush_Weightmap.uasset" 904
"../../../Engine/Plugins/Experimental/Water/Content/Materials/Brushes/MeshBrush_Weightmap.uexp" 905
"../../../Engine/Plugins/Experimental/Landmass/Content/Landscape/BlueprintBrushes/MF/BrushBlendModes.uasset" 906
"../../../Engine/Plugins/Experimental/Landmass/Content/Landscape/BlueprintBrushes/MF/BrushBlendModes.uexp" 907
"../../../Engine/Plugins/Experimental/Landmass/Content/Landscape/Curves/DynamicCurve_RT.uasset" 908
"../../../Engine/Plugins/Experimental/Landmass/Content/Landscape/Curves/DynamicCurve_RT.uexp" 909
"../../../Engine/Plugins/Experimental/Water/Content/Materials/Brushes/MeshBrush_Island.uasset" 910
"../../../Engine/Plugins/Experimental/Water/Content/Materials/Brushes/MeshBrush_Island.uexp" 911
"../../../Engine/Plugins/Experimental/Landmass/Content/Landscape/BlueprintBrushes/MF/SmoothIntersections.uasset" 912
"../../../Engine/Plugins/Experimental/Landmass/Content/Landscape/BlueprintBrushes/MF/SmoothIntersections.uexp" 913
"../../../Engine/Plugins/Experimental/Landmass/Content/Landscape/BlueprintBrushes/MF/BrushTerracing.uasset" 914
"../../../Engine/Plugins/Experimental/Landmass/Content/Landscape/BlueprintBrushes/MF/BrushTerracing.uexp" 915
"../../../Engine/Plugins/Experimental/Landmass/Content/Landscape/BlueprintBrushes/MF/BrushDisplaceMask.uasset" 916
"../../../Engine/Plugins/Experimental/Landmass/Content/Landscape/BlueprintBrushes/MF/BrushDisplaceMask.uexp" 917
"../../../Engine/Plugins/Experimental/Landmass/Content/Landscape/BlueprintBrushes/MF/BrushAlphaMask.uasset" 918
"../../../Engine/Plugins/Experimental/Landmass/Content/Landscape/BlueprintBrushes/MF/BrushAlphaMask.uexp" 919
"../../../Engine/Plugins/Experimental/Water/Content/Materials/Brushes/MeshBrush_Angle.uasset" 920
"../../../Engine/Plugins/Experimental/Water/Content/Materials/Brushes/MeshBrush_Angle.uexp" 921
"../../../Engine/Plugins/Experimental/Landmass/Content/Landscape/BlueprintBrushes/MF/UnpackRG8Height.uasset" 922
"../../../Engine/Plugins/Experimental/Landmass/Content/Landscape/BlueprintBrushes/MF/UnpackRG8Height.uexp" 923
"../../../Engine/Plugins/Experimental/Water/Content/Materials/Brushes/FinalizeWaterTexture.uasset" 924
"../../../Engine/Plugins/Experimental/Water/Content/Materials/Brushes/FinalizeWaterTexture.uexp" 925
"../../../Engine/Plugins/Experimental/Landmass/Content/Landscape/BlueprintBrushes/MF/LocalizeLandscapeZValue.uasset" 926
"../../../Engine/Plugins/Experimental/Landmass/Content/Landscape/BlueprintBrushes/MF/LocalizeLandscapeZValue.uexp" 927
"../../../Engine/Plugins/Experimental/Water/Content/Materials/Brushes/CompositeWaterBodyTexture.uasset" 928
"../../../Engine/Plugins/Experimental/Water/Content/Materials/Brushes/CompositeWaterBodyTexture.uexp" 929
"../../../Engine/Plugins/Experimental/Water/Content/Materials/Brushes/CanvasDrawing.uasset" 930
"../../../Engine/Plugins/Experimental/Water/Content/Materials/Brushes/CanvasDrawing.uexp" 931
"../../../Engine/Content/Functions/Engine_MaterialFunctions02/TangentBasis.uasset" 932
"../../../Engine/Content/Functions/Engine_MaterialFunctions02/TangentBasis.uexp" 933
"../../../Engine/Plugins/Experimental/Landmass/Content/Landscape/BlueprintBrushes/Materials/RenderSplineDepths.uasset" 934
"../../../Engine/Plugins/Experimental/Landmass/Content/Landscape/BlueprintBrushes/Materials/RenderSplineDepths.uexp" 935
"../../../Engine/Plugins/Experimental/Landmass/Content/Landscape/Mats/MPC/MPC_Erosion.uasset" 936
"../../../Engine/Plugins/Experimental/Landmass/Content/Landscape/Mats/MPC/MPC_Erosion.uexp" 937
"../../../Engine/Plugins/Experimental/Landmass/Content/Landscape/BlueprintBrushes/MF/SampleDistanceField.uasset" 938
"../../../Engine/Plugins/Experimental/Landmass/Content/Landscape/BlueprintBrushes/MF/SampleDistanceField.uexp" 939
"../../../Engine/Plugins/Experimental/Landmass/Content/Landscape/BlueprintBrushes/Materials/CacheDistanceField.uasset" 940
"../../../Engine/Plugins/Experimental/Landmass/Content/Landscape/BlueprintBrushes/Materials/CacheDistanceField.uexp" 941
"../../../Engine/Plugins/Experimental/Landmass/Content/DistanceFields/Materials/JumpFloodStep.uasset" 942
"../../../Engine/Plugins/Experimental/Landmass/Content/DistanceFields/Materials/JumpFloodStep.uexp" 943
"../../../Engine/Plugins/Experimental/Landmass/Content/Landscape/Textures/LS_Debug_RT_01.uasset" 944
"../../../Engine/Plugins/Experimental/Landmass/Content/Landscape/Textures/LS_Debug_RT_01.uexp" 945
"../../../Engine/Plugins/Experimental/Landmass/Content/DistanceFields/Materials/DetectEdges.uasset" 946
"../../../Engine/Plugins/Experimental/Landmass/Content/DistanceFields/Materials/DetectEdges.uexp" 947
"../../../Engine/Plugins/Experimental/Landmass/Content/DistanceFields/Materials/BlurEdges.uasset" 948
"../../../Engine/Plugins/Experimental/Landmass/Content/DistanceFields/Materials/BlurEdges.uexp" 949
"../../../Engine/Content/EngineSky/M_Sky_Panning_Clouds2.uasset" 950
"../../../Engine/Content/EngineSky/M_Sky_Panning_Clouds2.uexp" 951
"../../../Engine/Plugins/Experimental/Water/Content/Curves/FloatCurve.uasset" 952
"../../../Engine/Plugins/Experimental/Water/Content/Curves/FloatCurve.uexp" 953
"../../../Engine/Content/EngineMaterials/DefaultPhysicalMaterial.uasset" 954
"../../../Engine/Content/EngineMaterials/DefaultPhysicalMaterial.uexp" 955
"../../../Engine/Content/EngineSky/SM_SkySphere.uasset" 956
"../../../Engine/Content/EngineSky/SM_SkySphere.uexp" 957
"../../../Engine/Content/EngineSky/C_Sky_Zenith_Color.uasset" 958
"../../../Engine/Content/EngineSky/C_Sky_Zenith_Color.uexp" 959
"../../../Engine/Content/EngineSky/C_Sky_Horizon_Color.uasset" 960
"../../../Engine/Content/EngineSky/C_Sky_Horizon_Color.uexp" 961
"../../../Engine/Content/EngineSky/C_Sky_Cloud_Color.uasset" 962
"../../../Engine/Content/EngineSky/C_Sky_Cloud_Color.uexp" 963
"../../../Engine/Content/EngineSky/BP_Sky_Sphere.uasset" 964
"../../../Engine/Content/EngineSky/BP_Sky_Sphere.uexp" 965
"E:/Personal/ProjectPhilipps/Content/Levels/TestIsland.uexp" 966
"E:/Personal/ProjectPhilipps/Content/Levels/TestIsland.ubulk" 967
"E:/Personal/ProjectPhilipps/Content/Levels/TestIsland.umap" 968
"../../../Engine/Content/Maps/Entry_BuiltData.uasset" 969
"../../../Engine/Content/Maps/Entry_BuiltData.uexp" 970
"../../../Engine/Content/Maps/Entry.uexp" 971
"../../../Engine/Content/Maps/Entry.umap" 972
